[10:38:36.824] Global cache location '/home/imsight/.cache/typescript/4.0', safe file path '/home/imsight/.node_modules/lib/node_modules/typescript/lib/typingSafeList.json', types map path /home/imsight/.node_modules/lib/node_modules/typescript/lib/typesMap.json
[10:38:36.824] Processing cache location '/home/imsight/.cache/typescript/4.0'
[10:38:36.824] Trying to find '/home/imsight/.cache/typescript/4.0/package.json'...
[10:38:36.825] Loaded content of '/home/imsight/.cache/typescript/4.0/package.json': {"private":true,"dependencies":{"types-registry":"^0.1.512"},"devDependencies":{"@types/accepts":"^1.3.5","@types/ajv-keywords":"^3.4.0","@types/autoprefixer":"^9.7.2","@types/babel__code-frame":"^7.0.1","@types/backo2":"^1.0.1","@types/balanced-match":"^1.0.1","@types/browserslist":"^4.8.0","@types/bytes":"^3.1.0","@types/caniuse-lite":"^1.0.0","@types/case-sensitive-paths-webpack-plugin":"^2.1.4","@types/clean-css":"^4.2.2","@types/component-emitter":"^1.2.9","@types/compressible":"^2.0.0","@types/compression":"^1.7.0","@types/connect-history-api-fallback":"^1.3.3","@types/cross-spawn":"^6.0.2","@types/cssnano":"^4.0.0","@types/debug":"^4.1.5","@types/define-properties":"^1.1.3","@types/echarts":"^4.6.5","@types/engine.io-client":"^3.1.4","@types/enhanced-resolve":"^3.0.6","@types/escape-html":"^1.0.0","@types/express":"^4.17.8","@types/fs-extra":"^9.0.1","@types/he":"^1.1.1","@types/html-minifier":"^4.0.0","@types/html-webpack-plugin":"^3.2.3","@types/http-errors":"^1.8.0","@types/http-proxy-middleware":"^0.19.3","@types/humps":"^2.0.0","@types/inquirer":"^7.3.1","@types/ip":"^1.1.0","@types/isarray":"^2.0.0","@types/js-cookie":"^2.2.6","@types/jsdom":"^16.2.4","@types/json-parse-better-errors":"^1.0.0","@types/jwt-decode":"^2.2.1","@types/loader-utils":"^2.0.1","@types/memory-fs":"^0.3.2","@types/micromatch":"^4.0.1","@types/mime":"^2.0.3","@types/mime-types":"^2.1.0","@types/mini-css-extract-plugin":"^0.9.1","@types/mkdirp":"^1.0.1","@types/on-headers":"^1.0.0","@types/optimize-css-assets-webpack-plugin":"^5.0.1","@types/parseurl":"^1.3.1","@types/pify":"^3.0.2","@types/pnpapi":"0.0.0","@types/postcss-custom-properties":"^9.1.0","@types/postcss-flexbugs-fixes":"^4.2.0","@types/postcss-focus-within":"^4.0.0","@types/postcss-preset-env":"^6.7.0","@types/postcss-safe-parser":"^4.0.0","@types/progress":"^2.0.3","@types/react-dev-utils":"^9.0.4","@types/react-dom":"^16.9.8","@types/react-is":"^16.7.1","@types/react-redux":"^7.1.9","@types/react-router":"^5.1.8","@types/react-router-dom":"^5.1.5","@types/read":"0.0.28","@types/relateurl":"^0.2.28","@types/resolve":"^1.17.1","@types/rimraf":"^3.0.0","@types/semver":"^7.3.4","@types/serialize-javascript":"^4.0.0","@types/serve-index":"^1.7.30","@types/shell-quote":"^1.7.0","@types/socket.io-client":"^1.4.33","@types/socket.io-parser":"^2.2.1","@types/sockjs":"^0.3.32","@types/spdy":"^3.4.4","@types/tapable":"^1.0.6","@types/terser-webpack-plugin":"^4.2.0","@types/uglify-js":"^3.9.3","@types/util.promisify":"^1.0.4","@types/uuid":"^8.3.0","@types/vary":"^1.1.0","@types/webpack":"^4.41.22","@types/webpack-dev-middleware":"^3.7.2","@types/webpack-dev-server":"^3.11.0","@types/webpack-manifest-plugin":"^2.1.0","@types/webpack-sources":"^1.4.2","@types/workbox-build":"^5.0.0","@types/workbox-webpack-plugin":"^5.1.4","@types/xmldom":"^0.1.30","@types/zrender":"^4.0.0"}}
[10:38:36.825] Loaded content of '/home/imsight/.cache/typescript/4.0/package-lock.json'
[10:38:36.831] Adding entry into typings cache: 'accepts' => '/home/imsight/.cache/typescript/4.0/node_modules/@types/accepts/index.d.ts'
[10:38:36.833] Adding entry into typings cache: 'ajv-keywords' => '/home/imsight/.cache/typescript/4.0/node_modules/@types/ajv-keywords/index.d.ts'
[10:38:36.835] Adding entry into typings cache: 'autoprefixer' => '/home/imsight/.cache/typescript/4.0/node_modules/@types/autoprefixer/index.d.ts'
[10:38:36.836] Adding entry into typings cache: 'babel__code-frame' => '/home/imsight/.cache/typescript/4.0/node_modules/@types/babel__code-frame/index.d.ts'
[10:38:36.838] Adding entry into typings cache: 'backo2' => '/home/imsight/.cache/typescript/4.0/node_modules/@types/backo2/index.d.ts'
[10:38:36.839] Adding entry into typings cache: 'balanced-match' => '/home/imsight/.cache/typescript/4.0/node_modules/@types/balanced-match/index.d.ts'
[10:38:36.841] Adding entry into typings cache: 'browserslist' => '/home/imsight/.cache/typescript/4.0/node_modules/@types/browserslist/index.d.ts'
[10:38:36.842] Adding entry into typings cache: 'bytes' => '/home/imsight/.cache/typescript/4.0/node_modules/@types/bytes/index.d.ts'
[10:38:36.843] Adding entry into typings cache: 'caniuse-lite' => '/home/imsight/.cache/typescript/4.0/node_modules/@types/caniuse-lite/index.d.ts'
[10:38:36.845] Adding entry into typings cache: 'case-sensitive-paths-webpack-plugin' => '/home/imsight/.cache/typescript/4.0/node_modules/@types/case-sensitive-paths-webpack-plugin/index.d.ts'
[10:38:36.846] Adding entry into typings cache: 'clean-css' => '/home/imsight/.cache/typescript/4.0/node_modules/@types/clean-css/index.d.ts'
[10:38:36.848] Adding entry into typings cache: 'component-emitter' => '/home/imsight/.cache/typescript/4.0/node_modules/@types/component-emitter/index.d.ts'
[10:38:36.849] Adding entry into typings cache: 'compressible' => '/home/imsight/.cache/typescript/4.0/node_modules/@types/compressible/index.d.ts'
[10:38:36.851] Adding entry into typings cache: 'compression' => '/home/imsight/.cache/typescript/4.0/node_modules/@types/compression/index.d.ts'
[10:38:36.852] Adding entry into typings cache: 'connect-history-api-fallback' => '/home/imsight/.cache/typescript/4.0/node_modules/@types/connect-history-api-fallback/index.d.ts'
[10:38:36.853] Adding entry into typings cache: 'cross-spawn' => '/home/imsight/.cache/typescript/4.0/node_modules/@types/cross-spawn/index.d.ts'
[10:38:36.854] Adding entry into typings cache: 'cssnano' => '/home/imsight/.cache/typescript/4.0/node_modules/@types/cssnano/index.d.ts'
[10:38:36.856] Adding entry into typings cache: 'debug' => '/home/imsight/.cache/typescript/4.0/node_modules/@types/debug/index.d.ts'
[10:38:36.857] Adding entry into typings cache: 'define-properties' => '/home/imsight/.cache/typescript/4.0/node_modules/@types/define-properties/index.d.ts'
[10:38:36.858] Adding entry into typings cache: 'echarts' => '/home/imsight/.cache/typescript/4.0/node_modules/@types/echarts/index.d.ts'
[10:38:36.859] Adding entry into typings cache: 'engine.io-client' => '/home/imsight/.cache/typescript/4.0/node_modules/@types/engine.io-client/index.d.ts'
[10:38:36.860] Adding entry into typings cache: 'enhanced-resolve' => '/home/imsight/.cache/typescript/4.0/node_modules/@types/enhanced-resolve/index.d.ts'
[10:38:36.861] Adding entry into typings cache: 'escape-html' => '/home/imsight/.cache/typescript/4.0/node_modules/@types/escape-html/index.d.ts'
[10:38:36.862] Adding entry into typings cache: 'express' => '/home/imsight/.cache/typescript/4.0/node_modules/@types/express/index.d.ts'
[10:38:36.864] Adding entry into typings cache: 'fs-extra' => '/home/imsight/.cache/typescript/4.0/node_modules/@types/fs-extra/index.d.ts'
[10:38:36.865] Adding entry into typings cache: 'he' => '/home/imsight/.cache/typescript/4.0/node_modules/@types/he/index.d.ts'
[10:38:36.866] Adding entry into typings cache: 'html-minifier' => '/home/imsight/.cache/typescript/4.0/node_modules/@types/html-minifier/index.d.ts'
[10:38:36.867] Adding entry into typings cache: 'html-webpack-plugin' => '/home/imsight/.cache/typescript/4.0/node_modules/@types/html-webpack-plugin/index.d.ts'
[10:38:36.868] Adding entry into typings cache: 'http-errors' => '/home/imsight/.cache/typescript/4.0/node_modules/@types/http-errors/index.d.ts'
[10:38:36.869] Adding entry into typings cache: 'http-proxy-middleware' => '/home/imsight/.cache/typescript/4.0/node_modules/@types/http-proxy-middleware/index.d.ts'
[10:38:36.870] Adding entry into typings cache: 'humps' => '/home/imsight/.cache/typescript/4.0/node_modules/@types/humps/index.d.ts'
[10:38:36.872] Adding entry into typings cache: 'inquirer' => '/home/imsight/.cache/typescript/4.0/node_modules/@types/inquirer/index.d.ts'
[10:38:36.873] Adding entry into typings cache: 'ip' => '/home/imsight/.cache/typescript/4.0/node_modules/@types/ip/index.d.ts'
[10:38:36.874] Adding entry into typings cache: 'isarray' => '/home/imsight/.cache/typescript/4.0/node_modules/@types/isarray/index.d.ts'
[10:38:36.875] Adding entry into typings cache: 'js-cookie' => '/home/imsight/.cache/typescript/4.0/node_modules/@types/js-cookie/index.d.ts'
[10:38:36.877] Adding entry into typings cache: 'jsdom' => '/home/imsight/.cache/typescript/4.0/node_modules/@types/jsdom/index.d.ts'
[10:38:36.879] Adding entry into typings cache: 'json-parse-better-errors' => '/home/imsight/.cache/typescript/4.0/node_modules/@types/json-parse-better-errors/index.d.ts'
[10:38:36.880] Adding entry into typings cache: 'jwt-decode' => '/home/imsight/.cache/typescript/4.0/node_modules/@types/jwt-decode/index.d.ts'
[10:38:36.881] Adding entry into typings cache: 'loader-utils' => '/home/imsight/.cache/typescript/4.0/node_modules/@types/loader-utils/index.d.ts'
[10:38:36.882] Adding entry into typings cache: 'memory-fs' => '/home/imsight/.cache/typescript/4.0/node_modules/@types/memory-fs/index.d.ts'
[10:38:36.882] Adding entry into typings cache: 'micromatch' => '/home/imsight/.cache/typescript/4.0/node_modules/@types/micromatch/index.d.ts'
[10:38:36.883] Adding entry into typings cache: 'mime' => '/home/imsight/.cache/typescript/4.0/node_modules/@types/mime/index.d.ts'
[10:38:36.884] Adding entry into typings cache: 'mime-types' => '/home/imsight/.cache/typescript/4.0/node_modules/@types/mime-types/index.d.ts'
[10:38:36.886] Adding entry into typings cache: 'mini-css-extract-plugin' => '/home/imsight/.cache/typescript/4.0/node_modules/@types/mini-css-extract-plugin/index.d.ts'
[10:38:36.887] Adding entry into typings cache: 'mkdirp' => '/home/imsight/.cache/typescript/4.0/node_modules/@types/mkdirp/index.d.ts'
[10:38:36.888] Adding entry into typings cache: 'on-headers' => '/home/imsight/.cache/typescript/4.0/node_modules/@types/on-headers/index.d.ts'
[10:38:36.888] Adding entry into typings cache: 'optimize-css-assets-webpack-plugin' => '/home/imsight/.cache/typescript/4.0/node_modules/@types/optimize-css-assets-webpack-plugin/index.d.ts'
[10:38:36.889] Adding entry into typings cache: 'parseurl' => '/home/imsight/.cache/typescript/4.0/node_modules/@types/parseurl/index.d.ts'
[10:38:36.890] Adding entry into typings cache: 'pify' => '/home/imsight/.cache/typescript/4.0/node_modules/@types/pify/index.d.ts'
[10:38:36.890] Adding entry into typings cache: 'pnpapi' => '/home/imsight/.cache/typescript/4.0/node_modules/@types/pnpapi/index.d.ts'
[10:38:36.891] Adding entry into typings cache: 'postcss-custom-properties' => '/home/imsight/.cache/typescript/4.0/node_modules/@types/postcss-custom-properties/index.d.ts'
[10:38:36.892] Adding entry into typings cache: 'postcss-flexbugs-fixes' => '/home/imsight/.cache/typescript/4.0/node_modules/@types/postcss-flexbugs-fixes/index.d.ts'
[10:38:36.893] Adding entry into typings cache: 'postcss-focus-within' => '/home/imsight/.cache/typescript/4.0/node_modules/@types/postcss-focus-within/index.d.ts'
[10:38:36.893] Adding entry into typings cache: 'postcss-preset-env' => '/home/imsight/.cache/typescript/4.0/node_modules/@types/postcss-preset-env/index.d.ts'
[10:38:36.894] Adding entry into typings cache: 'postcss-safe-parser' => '/home/imsight/.cache/typescript/4.0/node_modules/@types/postcss-safe-parser/index.d.ts'
[10:38:36.895] Adding entry into typings cache: 'progress' => '/home/imsight/.cache/typescript/4.0/node_modules/@types/progress/index.d.ts'
[10:38:36.895] Adding entry into typings cache: 'react-dev-utils' => '/home/imsight/.cache/typescript/4.0/node_modules/@types/react-dev-utils/index.d.ts'
[10:38:36.897] Adding entry into typings cache: 'react-dom' => '/home/imsight/.cache/typescript/4.0/node_modules/@types/react-dom/index.d.ts'
[10:38:36.899] Adding entry into typings cache: 'react-is' => '/home/imsight/.cache/typescript/4.0/node_modules/@types/react-is/index.d.ts'
[10:38:36.900] Adding entry into typings cache: 'react-redux' => '/home/imsight/.cache/typescript/4.0/node_modules/@types/react-redux/index.d.ts'
[10:38:36.901] Adding entry into typings cache: 'react-router' => '/home/imsight/.cache/typescript/4.0/node_modules/@types/react-router/index.d.ts'
[10:38:36.901] Adding entry into typings cache: 'react-router-dom' => '/home/imsight/.cache/typescript/4.0/node_modules/@types/react-router-dom/index.d.ts'
[10:38:36.902] Adding entry into typings cache: 'read' => '/home/imsight/.cache/typescript/4.0/node_modules/@types/read/index.d.ts'
[10:38:36.903] Adding entry into typings cache: 'relateurl' => '/home/imsight/.cache/typescript/4.0/node_modules/@types/relateurl/index.d.ts'
[10:38:36.904] Adding entry into typings cache: 'resolve' => '/home/imsight/.cache/typescript/4.0/node_modules/@types/resolve/index.d.ts'
[10:38:36.905] Adding entry into typings cache: 'rimraf' => '/home/imsight/.cache/typescript/4.0/node_modules/@types/rimraf/index.d.ts'
[10:38:36.906] Adding entry into typings cache: 'semver' => '/home/imsight/.cache/typescript/4.0/node_modules/@types/semver/index.d.ts'
[10:38:36.907] Adding entry into typings cache: 'serialize-javascript' => '/home/imsight/.cache/typescript/4.0/node_modules/@types/serialize-javascript/index.d.ts'
[10:38:36.908] Adding entry into typings cache: 'serve-index' => '/home/imsight/.cache/typescript/4.0/node_modules/@types/serve-index/index.d.ts'
[10:38:36.909] Adding entry into typings cache: 'shell-quote' => '/home/imsight/.cache/typescript/4.0/node_modules/@types/shell-quote/index.d.ts'
[10:38:36.909] Adding entry into typings cache: 'socket.io-client' => '/home/imsight/.cache/typescript/4.0/node_modules/@types/socket.io-client/index.d.ts'
[10:38:36.910] Adding entry into typings cache: 'socket.io-parser' => '/home/imsight/.cache/typescript/4.0/node_modules/@types/socket.io-parser/index.d.ts'
[10:38:36.911] Adding entry into typings cache: 'sockjs' => '/home/imsight/.cache/typescript/4.0/node_modules/@types/sockjs/index.d.ts'
[10:38:36.911] Adding entry into typings cache: 'spdy' => '/home/imsight/.cache/typescript/4.0/node_modules/@types/spdy/index.d.ts'
[10:38:36.912] Adding entry into typings cache: 'tapable' => '/home/imsight/.cache/typescript/4.0/node_modules/@types/tapable/index.d.ts'
[10:38:36.912] Adding entry into typings cache: 'terser-webpack-plugin' => '/home/imsight/.cache/typescript/4.0/node_modules/@types/terser-webpack-plugin/index.d.ts'
[10:38:36.913] Adding entry into typings cache: 'uglify-js' => '/home/imsight/.cache/typescript/4.0/node_modules/@types/uglify-js/index.d.ts'
[10:38:36.914] Adding entry into typings cache: 'util.promisify' => '/home/imsight/.cache/typescript/4.0/node_modules/@types/util.promisify/index.d.ts'
[10:38:36.916] Adding entry into typings cache: 'uuid' => '/home/imsight/.cache/typescript/4.0/node_modules/@types/uuid/index.d.ts'
[10:38:36.916] Adding entry into typings cache: 'vary' => '/home/imsight/.cache/typescript/4.0/node_modules/@types/vary/index.d.ts'
[10:38:36.917] Adding entry into typings cache: 'webpack' => '/home/imsight/.cache/typescript/4.0/node_modules/@types/webpack/index.d.ts'
[10:38:36.917] Adding entry into typings cache: 'webpack-dev-middleware' => '/home/imsight/.cache/typescript/4.0/node_modules/@types/webpack-dev-middleware/index.d.ts'
[10:38:36.918] Adding entry into typings cache: 'webpack-dev-server' => '/home/imsight/.cache/typescript/4.0/node_modules/@types/webpack-dev-server/index.d.ts'
[10:38:36.919] Adding entry into typings cache: 'webpack-manifest-plugin' => '/home/imsight/.cache/typescript/4.0/node_modules/@types/webpack-manifest-plugin/index.d.ts'
[10:38:36.919] Adding entry into typings cache: 'webpack-sources' => '/home/imsight/.cache/typescript/4.0/node_modules/@types/webpack-sources/index.d.ts'
[10:38:36.920] Adding entry into typings cache: 'workbox-build' => '/home/imsight/.cache/typescript/4.0/node_modules/@types/workbox-build/index.d.ts'
[10:38:36.920] Adding entry into typings cache: 'workbox-webpack-plugin' => '/home/imsight/.cache/typescript/4.0/node_modules/@types/workbox-webpack-plugin/index.d.ts'
[10:38:36.921] Adding entry into typings cache: 'xmldom' => '/home/imsight/.cache/typescript/4.0/node_modules/@types/xmldom/index.d.ts'
[10:38:36.922] Adding entry into typings cache: 'zrender' => '/home/imsight/.cache/typescript/4.0/node_modules/@types/zrender/index.d.ts'
[10:38:36.922] Finished processing cache location '/home/imsight/.cache/typescript/4.0'
[10:38:36.922] Process id: 2981029
[10:38:36.922] NPM location: /usr/bin/npm (explicit '--npmLocation' not  provided)
[10:38:36.922] validateDefaultNpmLocation: false
[10:38:36.922] Npm config file: /home/imsight/.cache/typescript/4.0/package.json
[10:38:36.922] Updating types-registry npm package...
[10:38:36.922] Exec: /usr/bin/npm install --ignore-scripts types-registry@latest
[10:38:39.817]     Succeeded. stdout:
    + types-registry@0.1.512
    updated 1 package in 2.426s

3 packages are looking for funding
  run `npm fund` for details


[10:38:39.817] Updated types-registry npm package
[10:38:41.717] Got install request {"projectName":"/dev/null/inferredProject1*","fileNames":["/home/imsight/.node_modules/lib/node_modules/typescript/lib/lib.d.ts","/home/imsight/.node_modules/lib/node_modules/typescript/lib/lib.es5.d.ts","/home/imsight/.node_modules/lib/node_modules/typescript/lib/lib.dom.d.ts","/home/imsight/.node_modules/lib/node_modules/typescript/lib/lib.webworker.importscripts.d.ts","/home/imsight/.node_modules/lib/node_modules/typescript/lib/lib.scripthost.d.ts","/home/imsight/gits/react-openseadragon-viewer-with-fabric-overlay/src/components/navigator/index.js","/home/imsight/gits/react-openseadragon-viewer-with-fabric-overlay/src/components/toolbar/index.js","/home/imsight/gits/react-openseadragon-viewer-with-fabric-overlay/src/components/viewer/index.js","/home/imsight/gits/react-openseadragon-viewer-with-fabric-overlay/src/reducer.js","/home/imsight/gits/react-openseadragon-viewer-with-fabric-overlay/src/App.js","/home/imsight/gits/react-openseadragon-viewer-with-fabric-overlay/src/hooks/useOpenSeaDragon.js"],"compilerOptions":{"target":1,"jsx":1,"allowNonTsExtensions":true,"allowJs":true,"noEmitForJsFiles":true,"maxNodeModuleJsDepth":2},"typeAcquisition":{"enable":true,"include":[],"exclude":[]},"unresolvedImports":["openseadragon-fabricjs-overlay"],"projectRootPath":"/home/imsight/gits/react-openseadragon-viewer-with-fabric-overlay/src/hooks","kind":"discover"}
[10:38:41.725] Loaded safelist from types map file '/home/imsight/.node_modules/lib/node_modules/typescript/lib/typesMap.json'
[10:38:41.725] Explicitly included types: []
[10:38:41.726] Inferred typings from unresolved imports: ["openseadragon-fabricjs-overlay"]
[10:38:41.726] Result: {"cachedTypingPaths":[],"newTypingNames":["openseadragon-fabricjs-overlay"],"filesToWatch":["/home/imsight/gits/react-openseadragon-viewer-with-fabric-overlay/src/components/navigator/bower_components","/home/imsight/gits/react-openseadragon-viewer-with-fabric-overlay/src/components/navigator/node_modules","/home/imsight/gits/react-openseadragon-viewer-with-fabric-overlay/src/components/toolbar/bower_components","/home/imsight/gits/react-openseadragon-viewer-with-fabric-overlay/src/components/toolbar/node_modules","/home/imsight/gits/react-openseadragon-viewer-with-fabric-overlay/src/components/viewer/bower_components","/home/imsight/gits/react-openseadragon-viewer-with-fabric-overlay/src/components/viewer/node_modules","/home/imsight/gits/react-openseadragon-viewer-with-fabric-overlay/src/bower_components","/home/imsight/gits/react-openseadragon-viewer-with-fabric-overlay/src/node_modules","/home/imsight/gits/react-openseadragon-viewer-with-fabric-overlay/src/hooks/bower_components","/home/imsight/gits/react-openseadragon-viewer-with-fabric-overlay/src/hooks/node_modules"]}
[10:38:41.726] Finished typings discovery: {"cachedTypingPaths":[],"newTypingNames":["openseadragon-fabricjs-overlay"],"filesToWatch":["/home/imsight/gits/react-openseadragon-viewer-with-fabric-overlay/src/components/navigator/bower_components","/home/imsight/gits/react-openseadragon-viewer-with-fabric-overlay/src/components/navigator/node_modules","/home/imsight/gits/react-openseadragon-viewer-with-fabric-overlay/src/components/toolbar/bower_components","/home/imsight/gits/react-openseadragon-viewer-with-fabric-overlay/src/components/toolbar/node_modules","/home/imsight/gits/react-openseadragon-viewer-with-fabric-overlay/src/components/viewer/bower_components","/home/imsight/gits/react-openseadragon-viewer-with-fabric-overlay/src/components/viewer/node_modules","/home/imsight/gits/react-openseadragon-viewer-with-fabric-overlay/src/bower_components","/home/imsight/gits/react-openseadragon-viewer-with-fabric-overlay/src/node_modules","/home/imsight/gits/react-openseadragon-viewer-with-fabric-overlay/src/hooks/bower_components","/home/imsight/gits/react-openseadragon-viewer-with-fabric-overlay/src/hooks/node_modules"]}
[10:38:41.726] DirectoryWatcher:: Added:: WatchInfo: /home/imsight/gits/react-openseadragon-viewer-with-fabric-overlay/src/components/navigator/bower_components
[10:38:41.727] DirectoryWatcher:: Added:: WatchInfo: /home/imsight/gits/react-openseadragon-viewer-with-fabric-overlay/src/components/navigator/node_modules
[10:38:41.727] DirectoryWatcher:: Added:: WatchInfo: /home/imsight/gits/react-openseadragon-viewer-with-fabric-overlay/src/components/toolbar/bower_components
[10:38:41.727] DirectoryWatcher:: Added:: WatchInfo: /home/imsight/gits/react-openseadragon-viewer-with-fabric-overlay/src/components/toolbar/node_modules
[10:38:41.728] DirectoryWatcher:: Added:: WatchInfo: /home/imsight/gits/react-openseadragon-viewer-with-fabric-overlay/src/components/viewer/bower_components
[10:38:41.728] DirectoryWatcher:: Added:: WatchInfo: /home/imsight/gits/react-openseadragon-viewer-with-fabric-overlay/src/components/viewer/node_modules
[10:38:41.728] DirectoryWatcher:: Added:: WatchInfo: /home/imsight/gits/react-openseadragon-viewer-with-fabric-overlay/src/bower_components
[10:38:41.728] DirectoryWatcher:: Added:: WatchInfo: /home/imsight/gits/react-openseadragon-viewer-with-fabric-overlay/src/node_modules
[10:38:41.728] DirectoryWatcher:: Added:: WatchInfo: /home/imsight/gits/react-openseadragon-viewer-with-fabric-overlay/src/hooks/bower_components
[10:38:41.728] DirectoryWatcher:: Added:: WatchInfo: /home/imsight/gits/react-openseadragon-viewer-with-fabric-overlay/src/hooks/node_modules
[10:38:41.728] Installing typings ["openseadragon-fabricjs-overlay"]
[10:38:41.728] 'openseadragon-fabricjs-overlay':: Entry for package 'openseadragon-fabricjs-overlay' does not exist in local types registry - skipping...
[10:38:41.728] All typings are known to be missing or invalid - no need to install more typings
[10:38:41.729] Sending response:
    {"projectName":"/dev/null/inferredProject1*","typeAcquisition":{"enable":true,"include":[],"exclude":[]},"compilerOptions":{"target":1,"jsx":1,"allowNonTsExtensions":true,"allowJs":true,"noEmitForJsFiles":true,"maxNodeModuleJsDepth":2},"typings":[],"unresolvedImports":["openseadragon-fabricjs-overlay"],"kind":"action::set"}
[10:38:41.729] Response has been sent.
[11:25:53.458] Got install request {"projectName":"/dev/null/inferredProject2*","fileNames":["/home/imsight/.node_modules/lib/node_modules/typescript/lib/lib.d.ts","/home/imsight/.node_modules/lib/node_modules/typescript/lib/lib.es5.d.ts","/home/imsight/.node_modules/lib/node_modules/typescript/lib/lib.dom.d.ts","/home/imsight/.node_modules/lib/node_modules/typescript/lib/lib.webworker.importscripts.d.ts","/home/imsight/.node_modules/lib/node_modules/typescript/lib/lib.scripthost.d.ts","/home/imsight/gits/react-openseadragon-viewer-with-fabric-overlay/src/components/modal/index.js"],"compilerOptions":{"target":1,"jsx":1,"allowNonTsExtensions":true,"allowJs":true,"noEmitForJsFiles":true,"maxNodeModuleJsDepth":2},"typeAcquisition":{"enable":true,"include":[],"exclude":[]},"unresolvedImports":[],"projectRootPath":"/home/imsight/gits/react-openseadragon-viewer-with-fabric-overlay/src/components/modal","kind":"discover"}
[11:25:53.476] Explicitly included types: []
[11:25:53.476] Inferred typings from unresolved imports: []
[11:25:53.476] Result: {"cachedTypingPaths":[],"newTypingNames":[],"filesToWatch":["/home/imsight/gits/react-openseadragon-viewer-with-fabric-overlay/src/components/modal/bower_components","/home/imsight/gits/react-openseadragon-viewer-with-fabric-overlay/src/components/modal/node_modules"]}
[11:25:53.476] Finished typings discovery: {"cachedTypingPaths":[],"newTypingNames":[],"filesToWatch":["/home/imsight/gits/react-openseadragon-viewer-with-fabric-overlay/src/components/modal/bower_components","/home/imsight/gits/react-openseadragon-viewer-with-fabric-overlay/src/components/modal/node_modules"]}
[11:25:53.477] DirectoryWatcher:: Added:: WatchInfo: /home/imsight/gits/react-openseadragon-viewer-with-fabric-overlay/src/components/modal/bower_components
[11:25:53.477] DirectoryWatcher:: Added:: WatchInfo: /home/imsight/gits/react-openseadragon-viewer-with-fabric-overlay/src/components/modal/node_modules
[11:25:53.477] Sending response:
    {"projectName":"/dev/null/inferredProject2*","typeAcquisition":{"enable":true,"include":[],"exclude":[]},"compilerOptions":{"target":1,"jsx":1,"allowNonTsExtensions":true,"allowJs":true,"noEmitForJsFiles":true,"maxNodeModuleJsDepth":2},"typings":[],"unresolvedImports":[],"kind":"action::set"}
[11:25:53.477] Response has been sent.
[11:25:53.477] No new typings were requested as a result of typings discovery
[11:28:6.813] Got install request {"projectName":"/dev/null/inferredProject2*","fileNames":["/home/imsight/.node_modules/lib/node_modules/typescript/lib/lib.d.ts","/home/imsight/.node_modules/lib/node_modules/typescript/lib/lib.es5.d.ts","/home/imsight/.node_modules/lib/node_modules/typescript/lib/lib.dom.d.ts","/home/imsight/.node_modules/lib/node_modules/typescript/lib/lib.webworker.importscripts.d.ts","/home/imsight/.node_modules/lib/node_modules/typescript/lib/lib.scripthost.d.ts","/home/imsight/gits/react-openseadragon-viewer-with-fabric-overlay/src/components/modal/index.js"],"compilerOptions":{"target":1,"jsx":1,"allowNonTsExtensions":true,"allowJs":true,"noEmitForJsFiles":true,"maxNodeModuleJsDepth":2},"typeAcquisition":{"enable":true,"include":[],"exclude":[]},"unresolvedImports":["r"],"projectRootPath":"/home/imsight/gits/react-openseadragon-viewer-with-fabric-overlay/src/components/modal","kind":"discover"}
[11:28:6.813] Explicitly included types: []
[11:28:6.813] Inferred typings from unresolved imports: ["r"]
[11:28:6.814] Result: {"cachedTypingPaths":[],"newTypingNames":["r"],"filesToWatch":["/home/imsight/gits/react-openseadragon-viewer-with-fabric-overlay/src/components/modal/bower_components","/home/imsight/gits/react-openseadragon-viewer-with-fabric-overlay/src/components/modal/node_modules"]}
[11:28:6.814] Finished typings discovery: {"cachedTypingPaths":[],"newTypingNames":["r"],"filesToWatch":["/home/imsight/gits/react-openseadragon-viewer-with-fabric-overlay/src/components/modal/bower_components","/home/imsight/gits/react-openseadragon-viewer-with-fabric-overlay/src/components/modal/node_modules"]}
[11:28:6.814] Installing typings ["r"]
[11:28:6.814] 'r':: Entry for package 'r' does not exist in local types registry - skipping...
[11:28:6.814] All typings are known to be missing or invalid - no need to install more typings
[11:28:6.814] Sending response:
    {"projectName":"/dev/null/inferredProject2*","typeAcquisition":{"enable":true,"include":[],"exclude":[]},"compilerOptions":{"target":1,"jsx":1,"allowNonTsExtensions":true,"allowJs":true,"noEmitForJsFiles":true,"maxNodeModuleJsDepth":2},"typings":[],"unresolvedImports":["r"],"kind":"action::set"}
[11:28:6.814] Response has been sent.
[11:28:6.862] Got install request {"projectName":"/dev/null/inferredProject2*","fileNames":["/home/imsight/.node_modules/lib/node_modules/typescript/lib/lib.d.ts","/home/imsight/.node_modules/lib/node_modules/typescript/lib/lib.es5.d.ts","/home/imsight/.node_modules/lib/node_modules/typescript/lib/lib.dom.d.ts","/home/imsight/.node_modules/lib/node_modules/typescript/lib/lib.webworker.importscripts.d.ts","/home/imsight/.node_modules/lib/node_modules/typescript/lib/lib.scripthost.d.ts","/home/imsight/gits/react-openseadragon-viewer-with-fabric-overlay/src/components/modal/index.js"],"compilerOptions":{"target":1,"jsx":1,"allowNonTsExtensions":true,"allowJs":true,"noEmitForJsFiles":true,"maxNodeModuleJsDepth":2},"typeAcquisition":{"enable":true,"include":[],"exclude":[]},"unresolvedImports":["re"],"projectRootPath":"/home/imsight/gits/react-openseadragon-viewer-with-fabric-overlay/src/components/modal","kind":"discover"}
[11:28:6.862] Explicitly included types: []
[11:28:6.863] Inferred typings from unresolved imports: ["re"]
[11:28:6.863] Result: {"cachedTypingPaths":[],"newTypingNames":["re"],"filesToWatch":["/home/imsight/gits/react-openseadragon-viewer-with-fabric-overlay/src/components/modal/bower_components","/home/imsight/gits/react-openseadragon-viewer-with-fabric-overlay/src/components/modal/node_modules"]}
[11:28:6.863] Finished typings discovery: {"cachedTypingPaths":[],"newTypingNames":["re"],"filesToWatch":["/home/imsight/gits/react-openseadragon-viewer-with-fabric-overlay/src/components/modal/bower_components","/home/imsight/gits/react-openseadragon-viewer-with-fabric-overlay/src/components/modal/node_modules"]}
[11:28:6.864] Installing typings ["re"]
[11:28:6.864] 're':: Entry for package 're' does not exist in local types registry - skipping...
[11:28:6.864] All typings are known to be missing or invalid - no need to install more typings
[11:28:6.864] Sending response:
    {"projectName":"/dev/null/inferredProject2*","typeAcquisition":{"enable":true,"include":[],"exclude":[]},"compilerOptions":{"target":1,"jsx":1,"allowNonTsExtensions":true,"allowJs":true,"noEmitForJsFiles":true,"maxNodeModuleJsDepth":2},"typings":[],"unresolvedImports":["re"],"kind":"action::set"}
[11:28:6.864] Response has been sent.
[11:28:6.902] Got install request {"projectName":"/dev/null/inferredProject2*","fileNames":["/home/imsight/.node_modules/lib/node_modules/typescript/lib/lib.d.ts","/home/imsight/.node_modules/lib/node_modules/typescript/lib/lib.es5.d.ts","/home/imsight/.node_modules/lib/node_modules/typescript/lib/lib.dom.d.ts","/home/imsight/.node_modules/lib/node_modules/typescript/lib/lib.webworker.importscripts.d.ts","/home/imsight/.node_modules/lib/node_modules/typescript/lib/lib.scripthost.d.ts","/home/imsight/gits/react-openseadragon-viewer-with-fabric-overlay/src/components/modal/index.js"],"compilerOptions":{"target":1,"jsx":1,"allowNonTsExtensions":true,"allowJs":true,"noEmitForJsFiles":true,"maxNodeModuleJsDepth":2},"typeAcquisition":{"enable":true,"include":[],"exclude":[]},"unresolvedImports":["rea"],"projectRootPath":"/home/imsight/gits/react-openseadragon-viewer-with-fabric-overlay/src/components/modal","kind":"discover"}
[11:28:6.902] Explicitly included types: []
[11:28:6.903] Inferred typings from unresolved imports: ["rea"]
[11:28:6.903] Result: {"cachedTypingPaths":[],"newTypingNames":["rea"],"filesToWatch":["/home/imsight/gits/react-openseadragon-viewer-with-fabric-overlay/src/components/modal/bower_components","/home/imsight/gits/react-openseadragon-viewer-with-fabric-overlay/src/components/modal/node_modules"]}
[11:28:6.903] Finished typings discovery: {"cachedTypingPaths":[],"newTypingNames":["rea"],"filesToWatch":["/home/imsight/gits/react-openseadragon-viewer-with-fabric-overlay/src/components/modal/bower_components","/home/imsight/gits/react-openseadragon-viewer-with-fabric-overlay/src/components/modal/node_modules"]}
[11:28:6.903] Installing typings ["rea"]
[11:28:6.904] 'rea':: Entry for package 'rea' does not exist in local types registry - skipping...
[11:28:6.904] All typings are known to be missing or invalid - no need to install more typings
[11:28:6.904] Sending response:
    {"projectName":"/dev/null/inferredProject2*","typeAcquisition":{"enable":true,"include":[],"exclude":[]},"compilerOptions":{"target":1,"jsx":1,"allowNonTsExtensions":true,"allowJs":true,"noEmitForJsFiles":true,"maxNodeModuleJsDepth":2},"typings":[],"unresolvedImports":["rea"],"kind":"action::set"}
[11:28:6.904] Response has been sent.
[11:28:7.154] Got install request {"projectName":"/dev/null/inferredProject2*","fileNames":["/home/imsight/.node_modules/lib/node_modules/typescript/lib/lib.d.ts","/home/imsight/.node_modules/lib/node_modules/typescript/lib/lib.es5.d.ts","/home/imsight/.node_modules/lib/node_modules/typescript/lib/lib.dom.d.ts","/home/imsight/.node_modules/lib/node_modules/typescript/lib/lib.webworker.importscripts.d.ts","/home/imsight/.node_modules/lib/node_modules/typescript/lib/lib.scripthost.d.ts","/home/imsight/gits/react-openseadragon-viewer-with-fabric-overlay/src/components/modal/index.js"],"compilerOptions":{"target":1,"jsx":1,"allowNonTsExtensions":true,"allowJs":true,"noEmitForJsFiles":true,"maxNodeModuleJsDepth":2},"typeAcquisition":{"enable":true,"include":[],"exclude":[]},"unresolvedImports":["reac"],"projectRootPath":"/home/imsight/gits/react-openseadragon-viewer-with-fabric-overlay/src/components/modal","kind":"discover"}
[11:28:7.154] Explicitly included types: []
[11:28:7.154] Inferred typings from unresolved imports: ["reac"]
[11:28:7.154] Result: {"cachedTypingPaths":[],"newTypingNames":["reac"],"filesToWatch":["/home/imsight/gits/react-openseadragon-viewer-with-fabric-overlay/src/components/modal/bower_components","/home/imsight/gits/react-openseadragon-viewer-with-fabric-overlay/src/components/modal/node_modules"]}
[11:28:7.154] Finished typings discovery: {"cachedTypingPaths":[],"newTypingNames":["reac"],"filesToWatch":["/home/imsight/gits/react-openseadragon-viewer-with-fabric-overlay/src/components/modal/bower_components","/home/imsight/gits/react-openseadragon-viewer-with-fabric-overlay/src/components/modal/node_modules"]}
[11:28:7.154] Installing typings ["reac"]
[11:28:7.154] 'reac':: Entry for package 'reac' does not exist in local types registry - skipping...
[11:28:7.154] All typings are known to be missing or invalid - no need to install more typings
[11:28:7.154] Sending response:
    {"projectName":"/dev/null/inferredProject2*","typeAcquisition":{"enable":true,"include":[],"exclude":[]},"compilerOptions":{"target":1,"jsx":1,"allowNonTsExtensions":true,"allowJs":true,"noEmitForJsFiles":true,"maxNodeModuleJsDepth":2},"typings":[],"unresolvedImports":["reac"],"kind":"action::set"}
[11:28:7.154] Response has been sent.
[11:28:7.549] Got install request {"projectName":"/dev/null/inferredProject2*","fileNames":["/home/imsight/.node_modules/lib/node_modules/typescript/lib/lib.d.ts","/home/imsight/.node_modules/lib/node_modules/typescript/lib/lib.es5.d.ts","/home/imsight/.node_modules/lib/node_modules/typescript/lib/lib.dom.d.ts","/home/imsight/.node_modules/lib/node_modules/typescript/lib/lib.webworker.importscripts.d.ts","/home/imsight/.node_modules/lib/node_modules/typescript/lib/lib.scripthost.d.ts","/home/imsight/gits/react-openseadragon-viewer-with-fabric-overlay/src/components/modal/index.js"],"compilerOptions":{"target":1,"jsx":1,"allowNonTsExtensions":true,"allowJs":true,"noEmitForJsFiles":true,"maxNodeModuleJsDepth":2},"typeAcquisition":{"enable":true,"include":[],"exclude":[]},"unresolvedImports":[],"projectRootPath":"/home/imsight/gits/react-openseadragon-viewer-with-fabric-overlay/src/components/modal","kind":"discover"}
[11:28:7.549] Explicitly included types: []
[11:28:7.550] Inferred typings from unresolved imports: []
[11:28:7.551] Result: {"cachedTypingPaths":[],"newTypingNames":[],"filesToWatch":["/home/imsight/gits/react-openseadragon-viewer-with-fabric-overlay/src/components/modal/bower_components","/home/imsight/gits/react-openseadragon-viewer-with-fabric-overlay/src/components/modal/node_modules"]}
[11:28:7.551] Finished typings discovery: {"cachedTypingPaths":[],"newTypingNames":[],"filesToWatch":["/home/imsight/gits/react-openseadragon-viewer-with-fabric-overlay/src/components/modal/bower_components","/home/imsight/gits/react-openseadragon-viewer-with-fabric-overlay/src/components/modal/node_modules"]}
[11:28:7.551] Sending response:
    {"projectName":"/dev/null/inferredProject2*","typeAcquisition":{"enable":true,"include":[],"exclude":[]},"compilerOptions":{"target":1,"jsx":1,"allowNonTsExtensions":true,"allowJs":true,"noEmitForJsFiles":true,"maxNodeModuleJsDepth":2},"typings":[],"unresolvedImports":[],"kind":"action::set"}
[11:28:7.552] Response has been sent.
[11:28:7.552] No new typings were requested as a result of typings discovery
[11:30:51.416] Got install request {"projectName":"/dev/null/inferredProject2*","fileNames":["/home/imsight/.node_modules/lib/node_modules/typescript/lib/lib.d.ts","/home/imsight/.node_modules/lib/node_modules/typescript/lib/lib.es5.d.ts","/home/imsight/.node_modules/lib/node_modules/typescript/lib/lib.dom.d.ts","/home/imsight/.node_modules/lib/node_modules/typescript/lib/lib.webworker.importscripts.d.ts","/home/imsight/.node_modules/lib/node_modules/typescript/lib/lib.scripthost.d.ts","/home/imsight/gits/react-openseadragon-viewer-with-fabric-overlay/src/components/modal/index.js"],"compilerOptions":{"target":1,"jsx":1,"allowNonTsExtensions":true,"allowJs":true,"noEmitForJsFiles":true,"maxNodeModuleJsDepth":2},"typeAcquisition":{"enable":true,"include":[],"exclude":[]},"unresolvedImports":["pro"],"projectRootPath":"/home/imsight/gits/react-openseadragon-viewer-with-fabric-overlay/src/components/modal","kind":"discover"}
[11:30:51.416] Explicitly included types: []
[11:30:51.417] Inferred typings from unresolved imports: ["pro"]
[11:30:51.417] Result: {"cachedTypingPaths":[],"newTypingNames":["pro"],"filesToWatch":["/home/imsight/gits/react-openseadragon-viewer-with-fabric-overlay/src/components/modal/bower_components","/home/imsight/gits/react-openseadragon-viewer-with-fabric-overlay/src/components/modal/node_modules"]}
[11:30:51.417] Finished typings discovery: {"cachedTypingPaths":[],"newTypingNames":["pro"],"filesToWatch":["/home/imsight/gits/react-openseadragon-viewer-with-fabric-overlay/src/components/modal/bower_components","/home/imsight/gits/react-openseadragon-viewer-with-fabric-overlay/src/components/modal/node_modules"]}
[11:30:51.417] Installing typings ["pro"]
[11:30:51.417] 'pro':: Entry for package 'pro' does not exist in local types registry - skipping...
[11:30:51.417] All typings are known to be missing or invalid - no need to install more typings
[11:30:51.417] Sending response:
    {"projectName":"/dev/null/inferredProject2*","typeAcquisition":{"enable":true,"include":[],"exclude":[]},"compilerOptions":{"target":1,"jsx":1,"allowNonTsExtensions":true,"allowJs":true,"noEmitForJsFiles":true,"maxNodeModuleJsDepth":2},"typings":[],"unresolvedImports":["pro"],"kind":"action::set"}
[11:30:51.417] Response has been sent.
[11:30:52.198] Got install request {"projectName":"/dev/null/inferredProject2*","fileNames":["/home/imsight/.node_modules/lib/node_modules/typescript/lib/lib.d.ts","/home/imsight/.node_modules/lib/node_modules/typescript/lib/lib.es5.d.ts","/home/imsight/.node_modules/lib/node_modules/typescript/lib/lib.dom.d.ts","/home/imsight/.node_modules/lib/node_modules/typescript/lib/lib.webworker.importscripts.d.ts","/home/imsight/.node_modules/lib/node_modules/typescript/lib/lib.scripthost.d.ts","/home/imsight/gits/react-openseadragon-viewer-with-fabric-overlay/src/components/modal/index.js"],"compilerOptions":{"target":1,"jsx":1,"allowNonTsExtensions":true,"allowJs":true,"noEmitForJsFiles":true,"maxNodeModuleJsDepth":2},"typeAcquisition":{"enable":true,"include":[],"exclude":[]},"unresolvedImports":[],"projectRootPath":"/home/imsight/gits/react-openseadragon-viewer-with-fabric-overlay/src/components/modal","kind":"discover"}
[11:30:52.198] Explicitly included types: []
[11:30:52.198] Inferred typings from unresolved imports: []
[11:30:52.198] Result: {"cachedTypingPaths":[],"newTypingNames":[],"filesToWatch":["/home/imsight/gits/react-openseadragon-viewer-with-fabric-overlay/src/components/modal/bower_components","/home/imsight/gits/react-openseadragon-viewer-with-fabric-overlay/src/components/modal/node_modules"]}
[11:30:52.198] Finished typings discovery: {"cachedTypingPaths":[],"newTypingNames":[],"filesToWatch":["/home/imsight/gits/react-openseadragon-viewer-with-fabric-overlay/src/components/modal/bower_components","/home/imsight/gits/react-openseadragon-viewer-with-fabric-overlay/src/components/modal/node_modules"]}
[11:30:52.199] Sending response:
    {"projectName":"/dev/null/inferredProject2*","typeAcquisition":{"enable":true,"include":[],"exclude":[]},"compilerOptions":{"target":1,"jsx":1,"allowNonTsExtensions":true,"allowJs":true,"noEmitForJsFiles":true,"maxNodeModuleJsDepth":2},"typings":[],"unresolvedImports":[],"kind":"action::set"}
[11:30:52.199] Response has been sent.
[11:30:52.199] No new typings were requested as a result of typings discovery
[14:11:28.627] Got install request {"projectName":"/dev/null/inferredProject1*","fileNames":["/home/imsight/.node_modules/lib/node_modules/typescript/lib/lib.d.ts","/home/imsight/.node_modules/lib/node_modules/typescript/lib/lib.es5.d.ts","/home/imsight/.node_modules/lib/node_modules/typescript/lib/lib.dom.d.ts","/home/imsight/.node_modules/lib/node_modules/typescript/lib/lib.webworker.importscripts.d.ts","/home/imsight/.node_modules/lib/node_modules/typescript/lib/lib.scripthost.d.ts","/home/imsight/gits/react-openseadragon-viewer-with-fabric-overlay/src/components/navigator/index.js","/home/imsight/gits/react-openseadragon-viewer-with-fabric-overlay/src/components/toolbar/index.js","/home/imsight/gits/react-openseadragon-viewer-with-fabric-overlay/src/components/modal/index.js","/home/imsight/gits/react-openseadragon-viewer-with-fabric-overlay/src/components/viewer/index.js","/home/imsight/gits/react-openseadragon-viewer-with-fabric-overlay/src/reducer.js","/home/imsight/gits/react-openseadragon-viewer-with-fabric-overlay/src/App.js","/home/imsight/gits/react-openseadragon-viewer-with-fabric-overlay/src/hooks/useOpenSeaDragon.js"],"compilerOptions":{"target":1,"jsx":1,"allowNonTsExtensions":true,"allowJs":true,"noEmitForJsFiles":true,"maxNodeModuleJsDepth":2},"typeAcquisition":{"enable":true,"include":[],"exclude":[]},"unresolvedImports":["openseadragon-fabricjs-overlay"],"projectRootPath":"/home/imsight/gits/react-openseadragon-viewer-with-fabric-overlay/src/hooks","kind":"discover"}
[14:11:28.627] Explicitly included types: []
[14:11:28.628] Inferred typings from unresolved imports: ["openseadragon-fabricjs-overlay"]
[14:11:28.628] Result: {"cachedTypingPaths":[],"newTypingNames":["openseadragon-fabricjs-overlay"],"filesToWatch":["/home/imsight/gits/react-openseadragon-viewer-with-fabric-overlay/src/components/navigator/bower_components","/home/imsight/gits/react-openseadragon-viewer-with-fabric-overlay/src/components/navigator/node_modules","/home/imsight/gits/react-openseadragon-viewer-with-fabric-overlay/src/components/toolbar/bower_components","/home/imsight/gits/react-openseadragon-viewer-with-fabric-overlay/src/components/toolbar/node_modules","/home/imsight/gits/react-openseadragon-viewer-with-fabric-overlay/src/components/modal/bower_components","/home/imsight/gits/react-openseadragon-viewer-with-fabric-overlay/src/components/modal/node_modules","/home/imsight/gits/react-openseadragon-viewer-with-fabric-overlay/src/components/viewer/bower_components","/home/imsight/gits/react-openseadragon-viewer-with-fabric-overlay/src/components/viewer/node_modules","/home/imsight/gits/react-openseadragon-viewer-with-fabric-overlay/src/bower_components","/home/imsight/gits/react-openseadragon-viewer-with-fabric-overlay/src/node_modules","/home/imsight/gits/react-openseadragon-viewer-with-fabric-overlay/src/hooks/bower_components","/home/imsight/gits/react-openseadragon-viewer-with-fabric-overlay/src/hooks/node_modules"]}
[14:11:28.628] Finished typings discovery: {"cachedTypingPaths":[],"newTypingNames":["openseadragon-fabricjs-overlay"],"filesToWatch":["/home/imsight/gits/react-openseadragon-viewer-with-fabric-overlay/src/components/navigator/bower_components","/home/imsight/gits/react-openseadragon-viewer-with-fabric-overlay/src/components/navigator/node_modules","/home/imsight/gits/react-openseadragon-viewer-with-fabric-overlay/src/components/toolbar/bower_components","/home/imsight/gits/react-openseadragon-viewer-with-fabric-overlay/src/components/toolbar/node_modules","/home/imsight/gits/react-openseadragon-viewer-with-fabric-overlay/src/components/modal/bower_components","/home/imsight/gits/react-openseadragon-viewer-with-fabric-overlay/src/components/modal/node_modules","/home/imsight/gits/react-openseadragon-viewer-with-fabric-overlay/src/components/viewer/bower_components","/home/imsight/gits/react-openseadragon-viewer-with-fabric-overlay/src/components/viewer/node_modules","/home/imsight/gits/react-openseadragon-viewer-with-fabric-overlay/src/bower_components","/home/imsight/gits/react-openseadragon-viewer-with-fabric-overlay/src/node_modules","/home/imsight/gits/react-openseadragon-viewer-with-fabric-overlay/src/hooks/bower_components","/home/imsight/gits/react-openseadragon-viewer-with-fabric-overlay/src/hooks/node_modules"]}
[14:11:28.628] DirectoryWatcher:: Added:: WatchInfo: /home/imsight/gits/react-openseadragon-viewer-with-fabric-overlay/src/components/modal/bower_components
[14:11:28.628] DirectoryWatcher:: Added:: WatchInfo: /home/imsight/gits/react-openseadragon-viewer-with-fabric-overlay/src/components/modal/node_modules
[14:11:28.629] Installing typings ["openseadragon-fabricjs-overlay"]
[14:11:28.629] 'openseadragon-fabricjs-overlay':: Entry for package 'openseadragon-fabricjs-overlay' does not exist in local types registry - skipping...
[14:11:28.629] All typings are known to be missing or invalid - no need to install more typings
[14:11:28.629] Sending response:
    {"projectName":"/dev/null/inferredProject1*","typeAcquisition":{"enable":true,"include":[],"exclude":[]},"compilerOptions":{"target":1,"jsx":1,"allowNonTsExtensions":true,"allowJs":true,"noEmitForJsFiles":true,"maxNodeModuleJsDepth":2},"typings":[],"unresolvedImports":["openseadragon-fabricjs-overlay"],"kind":"action::set"}
[14:11:28.629] Response has been sent.
[14:11:31.255] Got install request {"projectName":"/dev/null/inferredProject2*","fileNames":[],"compilerOptions":{"target":1,"jsx":1,"allowNonTsExtensions":true,"allowJs":true,"noEmitForJsFiles":true},"typeAcquisition":{"enable":true,"include":[],"exclude":[]},"unresolvedImports":[],"projectRootPath":"/home/imsight/gits/react-openseadragon-viewer-with-fabric-overlay/src/components/modal","kind":"discover"}
[14:11:31.255] Explicitly included types: []
[14:11:31.256] Inferred typings from unresolved imports: []
[14:11:31.256] Result: {"cachedTypingPaths":[],"newTypingNames":[],"filesToWatch":["/home/imsight/gits/react-openseadragon-viewer-with-fabric-overlay/src/components/modal/bower_components","/home/imsight/gits/react-openseadragon-viewer-with-fabric-overlay/src/components/modal/node_modules"]}
[14:11:31.256] Finished typings discovery: {"cachedTypingPaths":[],"newTypingNames":[],"filesToWatch":["/home/imsight/gits/react-openseadragon-viewer-with-fabric-overlay/src/components/modal/bower_components","/home/imsight/gits/react-openseadragon-viewer-with-fabric-overlay/src/components/modal/node_modules"]}
[14:11:31.256] Sending response:
    {"projectName":"/dev/null/inferredProject2*","typeAcquisition":{"enable":true,"include":[],"exclude":[]},"compilerOptions":{"target":1,"jsx":1,"allowNonTsExtensions":true,"allowJs":true,"noEmitForJsFiles":true},"typings":[],"unresolvedImports":[],"kind":"action::set"}
[14:11:31.256] Response has been sent.
[14:11:31.256] No new typings were requested as a result of typings discovery
[16:9:35.281] Got install request {"projectName":"/dev/null/inferredProject3*","fileNames":["/home/imsight/.node_modules/lib/node_modules/typescript/lib/lib.d.ts","/home/imsight/.node_modules/lib/node_modules/typescript/lib/lib.es5.d.ts","/home/imsight/.node_modules/lib/node_modules/typescript/lib/lib.dom.d.ts","/home/imsight/.node_modules/lib/node_modules/typescript/lib/lib.webworker.importscripts.d.ts","/home/imsight/.node_modules/lib/node_modules/typescript/lib/lib.scripthost.d.ts","/home/imsight/gits/react-openseadragon-viewer-with-fabric-overlay/src/hooks/useMouse.js"],"compilerOptions":{"target":1,"jsx":1,"allowNonTsExtensions":true,"allowJs":true,"noEmitForJsFiles":true,"maxNodeModuleJsDepth":2},"typeAcquisition":{"enable":true,"include":[],"exclude":[]},"unresolvedImports":[],"projectRootPath":"/home/imsight/gits/react-openseadragon-viewer-with-fabric-overlay/src/hooks","kind":"discover"}
[16:9:35.281] Explicitly included types: []
[16:9:35.281] Inferred typings from unresolved imports: []
[16:9:35.281] Result: {"cachedTypingPaths":[],"newTypingNames":[],"filesToWatch":["/home/imsight/gits/react-openseadragon-viewer-with-fabric-overlay/src/hooks/bower_components","/home/imsight/gits/react-openseadragon-viewer-with-fabric-overlay/src/hooks/node_modules"]}
[16:9:35.281] Finished typings discovery: {"cachedTypingPaths":[],"newTypingNames":[],"filesToWatch":["/home/imsight/gits/react-openseadragon-viewer-with-fabric-overlay/src/hooks/bower_components","/home/imsight/gits/react-openseadragon-viewer-with-fabric-overlay/src/hooks/node_modules"]}
[16:9:35.281] DirectoryWatcher:: Added:: WatchInfo: /home/imsight/gits/react-openseadragon-viewer-with-fabric-overlay/src/hooks/bower_components
[16:9:35.281] DirectoryWatcher:: Added:: WatchInfo: /home/imsight/gits/react-openseadragon-viewer-with-fabric-overlay/src/hooks/node_modules
[16:9:35.281] Sending response:
    {"projectName":"/dev/null/inferredProject3*","typeAcquisition":{"enable":true,"include":[],"exclude":[]},"compilerOptions":{"target":1,"jsx":1,"allowNonTsExtensions":true,"allowJs":true,"noEmitForJsFiles":true,"maxNodeModuleJsDepth":2},"typings":[],"unresolvedImports":[],"kind":"action::set"}
[16:9:35.281] Response has been sent.
[16:9:35.281] No new typings were requested as a result of typings discovery
[16:45:32.181] Got install request {"projectName":"/dev/null/inferredProject3*","fileNames":[],"compilerOptions":{"target":1,"jsx":1,"allowNonTsExtensions":true,"allowJs":true,"noEmitForJsFiles":true},"typeAcquisition":{"enable":true,"include":[],"exclude":[]},"unresolvedImports":[],"projectRootPath":"/home/imsight/gits/react-openseadragon-viewer-with-fabric-overlay/src/hooks","kind":"discover"}
[16:45:32.181] Explicitly included types: []
[16:45:32.182] Inferred typings from unresolved imports: []
[16:45:32.182] Result: {"cachedTypingPaths":[],"newTypingNames":[],"filesToWatch":["/home/imsight/gits/react-openseadragon-viewer-with-fabric-overlay/src/hooks/bower_components","/home/imsight/gits/react-openseadragon-viewer-with-fabric-overlay/src/hooks/node_modules"]}
[16:45:32.182] Finished typings discovery: {"cachedTypingPaths":[],"newTypingNames":[],"filesToWatch":["/home/imsight/gits/react-openseadragon-viewer-with-fabric-overlay/src/hooks/bower_components","/home/imsight/gits/react-openseadragon-viewer-with-fabric-overlay/src/hooks/node_modules"]}
[16:45:32.182] Sending response:
    {"projectName":"/dev/null/inferredProject3*","typeAcquisition":{"enable":true,"include":[],"exclude":[]},"compilerOptions":{"target":1,"jsx":1,"allowNonTsExtensions":true,"allowJs":true,"noEmitForJsFiles":true},"typings":[],"unresolvedImports":[],"kind":"action::set"}
[16:45:32.182] Response has been sent.
[16:45:32.183] No new typings were requested as a result of typings discovery
[17:31:20.727] Got install request {"projectName":"/dev/null/inferredProject1*","fileNames":["/home/imsight/.node_modules/lib/node_modules/typescript/lib/lib.d.ts","/home/imsight/.node_modules/lib/node_modules/typescript/lib/lib.es5.d.ts","/home/imsight/.node_modules/lib/node_modules/typescript/lib/lib.dom.d.ts","/home/imsight/.node_modules/lib/node_modules/typescript/lib/lib.webworker.importscripts.d.ts","/home/imsight/.node_modules/lib/node_modules/typescript/lib/lib.scripthost.d.ts","/home/imsight/gits/react-openseadragon-viewer-with-fabric-overlay/src/components/modal/index.js","/home/imsight/gits/react-openseadragon-viewer-with-fabric-overlay/src/components/navigator/index.js","/home/imsight/gits/react-openseadragon-viewer-with-fabric-overlay/src/components/toolbar/index.js","/home/imsight/gits/react-openseadragon-viewer-with-fabric-overlay/src/components/viewer/index.js","/home/imsight/gits/react-openseadragon-viewer-with-fabric-overlay/src/reducer.js","/home/imsight/gits/react-openseadragon-viewer-with-fabric-overlay/src/App.js","/home/imsight/gits/react-openseadragon-viewer-with-fabric-overlay/src/hooks/useOpenSeaDragon.js"],"compilerOptions":{"target":1,"jsx":1,"allowNonTsExtensions":true,"allowJs":true,"noEmitForJsFiles":true,"maxNodeModuleJsDepth":2},"typeAcquisition":{"enable":true,"include":[],"exclude":[]},"unresolvedImports":["emo","openseadragon-fabricjs-overlay"],"projectRootPath":"/home/imsight/gits/react-openseadragon-viewer-with-fabric-overlay/src/hooks","kind":"discover"}
[17:31:20.728] Explicitly included types: []
[17:31:20.731] Inferred typings from unresolved imports: ["emo","openseadragon-fabricjs-overlay"]
[17:31:20.731] Result: {"cachedTypingPaths":[],"newTypingNames":["emo","openseadragon-fabricjs-overlay"],"filesToWatch":["/home/imsight/gits/react-openseadragon-viewer-with-fabric-overlay/src/components/modal/bower_components","/home/imsight/gits/react-openseadragon-viewer-with-fabric-overlay/src/components/modal/node_modules","/home/imsight/gits/react-openseadragon-viewer-with-fabric-overlay/src/components/navigator/bower_components","/home/imsight/gits/react-openseadragon-viewer-with-fabric-overlay/src/components/navigator/node_modules","/home/imsight/gits/react-openseadragon-viewer-with-fabric-overlay/src/components/toolbar/bower_components","/home/imsight/gits/react-openseadragon-viewer-with-fabric-overlay/src/components/toolbar/node_modules","/home/imsight/gits/react-openseadragon-viewer-with-fabric-overlay/src/components/viewer/bower_components","/home/imsight/gits/react-openseadragon-viewer-with-fabric-overlay/src/components/viewer/node_modules","/home/imsight/gits/react-openseadragon-viewer-with-fabric-overlay/src/bower_components","/home/imsight/gits/react-openseadragon-viewer-with-fabric-overlay/src/node_modules","/home/imsight/gits/react-openseadragon-viewer-with-fabric-overlay/src/hooks/bower_components","/home/imsight/gits/react-openseadragon-viewer-with-fabric-overlay/src/hooks/node_modules"]}
[17:31:20.731] Finished typings discovery: {"cachedTypingPaths":[],"newTypingNames":["emo","openseadragon-fabricjs-overlay"],"filesToWatch":["/home/imsight/gits/react-openseadragon-viewer-with-fabric-overlay/src/components/modal/bower_components","/home/imsight/gits/react-openseadragon-viewer-with-fabric-overlay/src/components/modal/node_modules","/home/imsight/gits/react-openseadragon-viewer-with-fabric-overlay/src/components/navigator/bower_components","/home/imsight/gits/react-openseadragon-viewer-with-fabric-overlay/src/components/navigator/node_modules","/home/imsight/gits/react-openseadragon-viewer-with-fabric-overlay/src/components/toolbar/bower_components","/home/imsight/gits/react-openseadragon-viewer-with-fabric-overlay/src/components/toolbar/node_modules","/home/imsight/gits/react-openseadragon-viewer-with-fabric-overlay/src/components/viewer/bower_components","/home/imsight/gits/react-openseadragon-viewer-with-fabric-overlay/src/components/viewer/node_modules","/home/imsight/gits/react-openseadragon-viewer-with-fabric-overlay/src/bower_components","/home/imsight/gits/react-openseadragon-viewer-with-fabric-overlay/src/node_modules","/home/imsight/gits/react-openseadragon-viewer-with-fabric-overlay/src/hooks/bower_components","/home/imsight/gits/react-openseadragon-viewer-with-fabric-overlay/src/hooks/node_modules"]}
[17:31:20.732] Installing typings ["emo","openseadragon-fabricjs-overlay"]
[17:31:20.732] 'emo':: Entry for package 'emo' does not exist in local types registry - skipping...
[17:31:20.733] 'openseadragon-fabricjs-overlay':: Entry for package 'openseadragon-fabricjs-overlay' does not exist in local types registry - skipping...
[17:31:20.733] All typings are known to be missing or invalid - no need to install more typings
[17:31:20.733] Sending response:
    {"projectName":"/dev/null/inferredProject1*","typeAcquisition":{"enable":true,"include":[],"exclude":[]},"compilerOptions":{"target":1,"jsx":1,"allowNonTsExtensions":true,"allowJs":true,"noEmitForJsFiles":true,"maxNodeModuleJsDepth":2},"typings":[],"unresolvedImports":["emo","openseadragon-fabricjs-overlay"],"kind":"action::set"}
[17:31:20.733] Response has been sent.
[17:31:21.163] Got install request {"projectName":"/dev/null/inferredProject1*","fileNames":["/home/imsight/.node_modules/lib/node_modules/typescript/lib/lib.d.ts","/home/imsight/.node_modules/lib/node_modules/typescript/lib/lib.es5.d.ts","/home/imsight/.node_modules/lib/node_modules/typescript/lib/lib.dom.d.ts","/home/imsight/.node_modules/lib/node_modules/typescript/lib/lib.webworker.importscripts.d.ts","/home/imsight/.node_modules/lib/node_modules/typescript/lib/lib.scripthost.d.ts","/home/imsight/gits/react-openseadragon-viewer-with-fabric-overlay/src/components/modal/index.js","/home/imsight/gits/react-openseadragon-viewer-with-fabric-overlay/src/components/navigator/index.js","/home/imsight/gits/react-openseadragon-viewer-with-fabric-overlay/src/components/toolbar/index.js","/home/imsight/gits/react-openseadragon-viewer-with-fabric-overlay/src/components/viewer/index.js","/home/imsight/gits/react-openseadragon-viewer-with-fabric-overlay/src/reducer.js","/home/imsight/gits/react-openseadragon-viewer-with-fabric-overlay/src/App.js","/home/imsight/gits/react-openseadragon-viewer-with-fabric-overlay/src/hooks/useOpenSeaDragon.js"],"compilerOptions":{"target":1,"jsx":1,"allowNonTsExtensions":true,"allowJs":true,"noEmitForJsFiles":true,"maxNodeModuleJsDepth":2},"typeAcquisition":{"enable":true,"include":[],"exclude":[]},"unresolvedImports":["openseadragon-fabricjs-overlay"],"projectRootPath":"/home/imsight/gits/react-openseadragon-viewer-with-fabric-overlay/src/hooks","kind":"discover"}
[17:31:21.163] Explicitly included types: []
[17:31:21.164] Inferred typings from unresolved imports: ["openseadragon-fabricjs-overlay"]
[17:31:21.164] Result: {"cachedTypingPaths":[],"newTypingNames":["openseadragon-fabricjs-overlay"],"filesToWatch":["/home/imsight/gits/react-openseadragon-viewer-with-fabric-overlay/src/components/modal/bower_components","/home/imsight/gits/react-openseadragon-viewer-with-fabric-overlay/src/components/modal/node_modules","/home/imsight/gits/react-openseadragon-viewer-with-fabric-overlay/src/components/navigator/bower_components","/home/imsight/gits/react-openseadragon-viewer-with-fabric-overlay/src/components/navigator/node_modules","/home/imsight/gits/react-openseadragon-viewer-with-fabric-overlay/src/components/toolbar/bower_components","/home/imsight/gits/react-openseadragon-viewer-with-fabric-overlay/src/components/toolbar/node_modules","/home/imsight/gits/react-openseadragon-viewer-with-fabric-overlay/src/components/viewer/bower_components","/home/imsight/gits/react-openseadragon-viewer-with-fabric-overlay/src/components/viewer/node_modules","/home/imsight/gits/react-openseadragon-viewer-with-fabric-overlay/src/bower_components","/home/imsight/gits/react-openseadragon-viewer-with-fabric-overlay/src/node_modules","/home/imsight/gits/react-openseadragon-viewer-with-fabric-overlay/src/hooks/bower_components","/home/imsight/gits/react-openseadragon-viewer-with-fabric-overlay/src/hooks/node_modules"]}
[17:31:21.164] Finished typings discovery: {"cachedTypingPaths":[],"newTypingNames":["openseadragon-fabricjs-overlay"],"filesToWatch":["/home/imsight/gits/react-openseadragon-viewer-with-fabric-overlay/src/components/modal/bower_components","/home/imsight/gits/react-openseadragon-viewer-with-fabric-overlay/src/components/modal/node_modules","/home/imsight/gits/react-openseadragon-viewer-with-fabric-overlay/src/components/navigator/bower_components","/home/imsight/gits/react-openseadragon-viewer-with-fabric-overlay/src/components/navigator/node_modules","/home/imsight/gits/react-openseadragon-viewer-with-fabric-overlay/src/components/toolbar/bower_components","/home/imsight/gits/react-openseadragon-viewer-with-fabric-overlay/src/components/toolbar/node_modules","/home/imsight/gits/react-openseadragon-viewer-with-fabric-overlay/src/components/viewer/bower_components","/home/imsight/gits/react-openseadragon-viewer-with-fabric-overlay/src/components/viewer/node_modules","/home/imsight/gits/react-openseadragon-viewer-with-fabric-overlay/src/bower_components","/home/imsight/gits/react-openseadragon-viewer-with-fabric-overlay/src/node_modules","/home/imsight/gits/react-openseadragon-viewer-with-fabric-overlay/src/hooks/bower_components","/home/imsight/gits/react-openseadragon-viewer-with-fabric-overlay/src/hooks/node_modules"]}
[17:31:21.164] Installing typings ["openseadragon-fabricjs-overlay"]
[17:31:21.164] 'openseadragon-fabricjs-overlay':: Entry for package 'openseadragon-fabricjs-overlay' does not exist in local types registry - skipping...
[17:31:21.164] All typings are known to be missing or invalid - no need to install more typings
[17:31:21.164] Sending response:
    {"projectName":"/dev/null/inferredProject1*","typeAcquisition":{"enable":true,"include":[],"exclude":[]},"compilerOptions":{"target":1,"jsx":1,"allowNonTsExtensions":true,"allowJs":true,"noEmitForJsFiles":true,"maxNodeModuleJsDepth":2},"typings":[],"unresolvedImports":["openseadragon-fabricjs-overlay"],"kind":"action::set"}
[17:31:21.164] Response has been sent.
[17:31:21.235] Got install request {"projectName":"/dev/null/inferredProject1*","fileNames":["/home/imsight/.node_modules/lib/node_modules/typescript/lib/lib.d.ts","/home/imsight/.node_modules/lib/node_modules/typescript/lib/lib.es5.d.ts","/home/imsight/.node_modules/lib/node_modules/typescript/lib/lib.dom.d.ts","/home/imsight/.node_modules/lib/node_modules/typescript/lib/lib.webworker.importscripts.d.ts","/home/imsight/.node_modules/lib/node_modules/typescript/lib/lib.scripthost.d.ts","/home/imsight/gits/react-openseadragon-viewer-with-fabric-overlay/src/components/modal/index.js","/home/imsight/gits/react-openseadragon-viewer-with-fabric-overlay/src/components/navigator/index.js","/home/imsight/gits/react-openseadragon-viewer-with-fabric-overlay/src/components/toolbar/index.js","/home/imsight/gits/react-openseadragon-viewer-with-fabric-overlay/src/components/viewer/index.js","/home/imsight/gits/react-openseadragon-viewer-with-fabric-overlay/src/reducer.js","/home/imsight/gits/react-openseadragon-viewer-with-fabric-overlay/src/App.js","/home/imsight/gits/react-openseadragon-viewer-with-fabric-overlay/src/hooks/useOpenSeaDragon.js"],"compilerOptions":{"target":1,"jsx":1,"allowNonTsExtensions":true,"allowJs":true,"noEmitForJsFiles":true,"maxNodeModuleJsDepth":2},"typeAcquisition":{"enable":true,"include":[],"exclude":[]},"unresolvedImports":["emotionj","openseadragon-fabricjs-overlay"],"projectRootPath":"/home/imsight/gits/react-openseadragon-viewer-with-fabric-overlay/src/hooks","kind":"discover"}
[17:31:21.235] Explicitly included types: []
[17:31:21.235] Inferred typings from unresolved imports: ["emotionj","openseadragon-fabricjs-overlay"]
[17:31:21.236] Result: {"cachedTypingPaths":[],"newTypingNames":["emotionj","openseadragon-fabricjs-overlay"],"filesToWatch":["/home/imsight/gits/react-openseadragon-viewer-with-fabric-overlay/src/components/modal/bower_components","/home/imsight/gits/react-openseadragon-viewer-with-fabric-overlay/src/components/modal/node_modules","/home/imsight/gits/react-openseadragon-viewer-with-fabric-overlay/src/components/navigator/bower_components","/home/imsight/gits/react-openseadragon-viewer-with-fabric-overlay/src/components/navigator/node_modules","/home/imsight/gits/react-openseadragon-viewer-with-fabric-overlay/src/components/toolbar/bower_components","/home/imsight/gits/react-openseadragon-viewer-with-fabric-overlay/src/components/toolbar/node_modules","/home/imsight/gits/react-openseadragon-viewer-with-fabric-overlay/src/components/viewer/bower_components","/home/imsight/gits/react-openseadragon-viewer-with-fabric-overlay/src/components/viewer/node_modules","/home/imsight/gits/react-openseadragon-viewer-with-fabric-overlay/src/bower_components","/home/imsight/gits/react-openseadragon-viewer-with-fabric-overlay/src/node_modules","/home/imsight/gits/react-openseadragon-viewer-with-fabric-overlay/src/hooks/bower_components","/home/imsight/gits/react-openseadragon-viewer-with-fabric-overlay/src/hooks/node_modules"]}
[17:31:21.236] Finished typings discovery: {"cachedTypingPaths":[],"newTypingNames":["emotionj","openseadragon-fabricjs-overlay"],"filesToWatch":["/home/imsight/gits/react-openseadragon-viewer-with-fabric-overlay/src/components/modal/bower_components","/home/imsight/gits/react-openseadragon-viewer-with-fabric-overlay/src/components/modal/node_modules","/home/imsight/gits/react-openseadragon-viewer-with-fabric-overlay/src/components/navigator/bower_components","/home/imsight/gits/react-openseadragon-viewer-with-fabric-overlay/src/components/navigator/node_modules","/home/imsight/gits/react-openseadragon-viewer-with-fabric-overlay/src/components/toolbar/bower_components","/home/imsight/gits/react-openseadragon-viewer-with-fabric-overlay/src/components/toolbar/node_modules","/home/imsight/gits/react-openseadragon-viewer-with-fabric-overlay/src/components/viewer/bower_components","/home/imsight/gits/react-openseadragon-viewer-with-fabric-overlay/src/components/viewer/node_modules","/home/imsight/gits/react-openseadragon-viewer-with-fabric-overlay/src/bower_components","/home/imsight/gits/react-openseadragon-viewer-with-fabric-overlay/src/node_modules","/home/imsight/gits/react-openseadragon-viewer-with-fabric-overlay/src/hooks/bower_components","/home/imsight/gits/react-openseadragon-viewer-with-fabric-overlay/src/hooks/node_modules"]}
[17:31:21.236] Installing typings ["emotionj","openseadragon-fabricjs-overlay"]
[17:31:21.236] 'emotionj':: Entry for package 'emotionj' does not exist in local types registry - skipping...
[17:31:21.236] 'openseadragon-fabricjs-overlay':: Entry for package 'openseadragon-fabricjs-overlay' does not exist in local types registry - skipping...
[17:31:21.236] All typings are known to be missing or invalid - no need to install more typings
[17:31:21.236] Sending response:
    {"projectName":"/dev/null/inferredProject1*","typeAcquisition":{"enable":true,"include":[],"exclude":[]},"compilerOptions":{"target":1,"jsx":1,"allowNonTsExtensions":true,"allowJs":true,"noEmitForJsFiles":true,"maxNodeModuleJsDepth":2},"typings":[],"unresolvedImports":["emotionj","openseadragon-fabricjs-overlay"],"kind":"action::set"}
[17:31:21.236] Response has been sent.
[17:31:21.307] Got install request {"projectName":"/dev/null/inferredProject1*","fileNames":["/home/imsight/.node_modules/lib/node_modules/typescript/lib/lib.d.ts","/home/imsight/.node_modules/lib/node_modules/typescript/lib/lib.es5.d.ts","/home/imsight/.node_modules/lib/node_modules/typescript/lib/lib.dom.d.ts","/home/imsight/.node_modules/lib/node_modules/typescript/lib/lib.webworker.importscripts.d.ts","/home/imsight/.node_modules/lib/node_modules/typescript/lib/lib.scripthost.d.ts","/home/imsight/gits/react-openseadragon-viewer-with-fabric-overlay/src/components/modal/index.js","/home/imsight/gits/react-openseadragon-viewer-with-fabric-overlay/src/components/navigator/index.js","/home/imsight/gits/react-openseadragon-viewer-with-fabric-overlay/src/components/toolbar/index.js","/home/imsight/gits/react-openseadragon-viewer-with-fabric-overlay/src/components/viewer/index.js","/home/imsight/gits/react-openseadragon-viewer-with-fabric-overlay/src/reducer.js","/home/imsight/gits/react-openseadragon-viewer-with-fabric-overlay/src/App.js","/home/imsight/gits/react-openseadragon-viewer-with-fabric-overlay/src/hooks/useOpenSeaDragon.js"],"compilerOptions":{"target":1,"jsx":1,"allowNonTsExtensions":true,"allowJs":true,"noEmitForJsFiles":true,"maxNodeModuleJsDepth":2},"typeAcquisition":{"enable":true,"include":[],"exclude":[]},"unresolvedImports":["openseadragon-fabricjs-overlay"],"projectRootPath":"/home/imsight/gits/react-openseadragon-viewer-with-fabric-overlay/src/hooks","kind":"discover"}
[17:31:21.307] Explicitly included types: []
[17:31:21.308] Inferred typings from unresolved imports: ["openseadragon-fabricjs-overlay"]
[17:31:21.308] Result: {"cachedTypingPaths":[],"newTypingNames":["openseadragon-fabricjs-overlay"],"filesToWatch":["/home/imsight/gits/react-openseadragon-viewer-with-fabric-overlay/src/components/modal/bower_components","/home/imsight/gits/react-openseadragon-viewer-with-fabric-overlay/src/components/modal/node_modules","/home/imsight/gits/react-openseadragon-viewer-with-fabric-overlay/src/components/navigator/bower_components","/home/imsight/gits/react-openseadragon-viewer-with-fabric-overlay/src/components/navigator/node_modules","/home/imsight/gits/react-openseadragon-viewer-with-fabric-overlay/src/components/toolbar/bower_components","/home/imsight/gits/react-openseadragon-viewer-with-fabric-overlay/src/components/toolbar/node_modules","/home/imsight/gits/react-openseadragon-viewer-with-fabric-overlay/src/components/viewer/bower_components","/home/imsight/gits/react-openseadragon-viewer-with-fabric-overlay/src/components/viewer/node_modules","/home/imsight/gits/react-openseadragon-viewer-with-fabric-overlay/src/bower_components","/home/imsight/gits/react-openseadragon-viewer-with-fabric-overlay/src/node_modules","/home/imsight/gits/react-openseadragon-viewer-with-fabric-overlay/src/hooks/bower_components","/home/imsight/gits/react-openseadragon-viewer-with-fabric-overlay/src/hooks/node_modules"]}
[17:31:21.308] Finished typings discovery: {"cachedTypingPaths":[],"newTypingNames":["openseadragon-fabricjs-overlay"],"filesToWatch":["/home/imsight/gits/react-openseadragon-viewer-with-fabric-overlay/src/components/modal/bower_components","/home/imsight/gits/react-openseadragon-viewer-with-fabric-overlay/src/components/modal/node_modules","/home/imsight/gits/react-openseadragon-viewer-with-fabric-overlay/src/components/navigator/bower_components","/home/imsight/gits/react-openseadragon-viewer-with-fabric-overlay/src/components/navigator/node_modules","/home/imsight/gits/react-openseadragon-viewer-with-fabric-overlay/src/components/toolbar/bower_components","/home/imsight/gits/react-openseadragon-viewer-with-fabric-overlay/src/components/toolbar/node_modules","/home/imsight/gits/react-openseadragon-viewer-with-fabric-overlay/src/components/viewer/bower_components","/home/imsight/gits/react-openseadragon-viewer-with-fabric-overlay/src/components/viewer/node_modules","/home/imsight/gits/react-openseadragon-viewer-with-fabric-overlay/src/bower_components","/home/imsight/gits/react-openseadragon-viewer-with-fabric-overlay/src/node_modules","/home/imsight/gits/react-openseadragon-viewer-with-fabric-overlay/src/hooks/bower_components","/home/imsight/gits/react-openseadragon-viewer-with-fabric-overlay/src/hooks/node_modules"]}
[17:31:21.308] Installing typings ["openseadragon-fabricjs-overlay"]
[17:31:21.308] 'openseadragon-fabricjs-overlay':: Entry for package 'openseadragon-fabricjs-overlay' does not exist in local types registry - skipping...
[17:31:21.308] All typings are known to be missing or invalid - no need to install more typings
[17:31:21.308] Sending response:
    {"projectName":"/dev/null/inferredProject1*","typeAcquisition":{"enable":true,"include":[],"exclude":[]},"compilerOptions":{"target":1,"jsx":1,"allowNonTsExtensions":true,"allowJs":true,"noEmitForJsFiles":true,"maxNodeModuleJsDepth":2},"typings":[],"unresolvedImports":["openseadragon-fabricjs-overlay"],"kind":"action::set"}
[17:31:21.308] Response has been sent.
[17:34:0.997] Got install request {"projectName":"/dev/null/inferredProject1*","fileNames":["/home/imsight/.node_modules/lib/node_modules/typescript/lib/lib.d.ts","/home/imsight/.node_modules/lib/node_modules/typescript/lib/lib.es5.d.ts","/home/imsight/.node_modules/lib/node_modules/typescript/lib/lib.dom.d.ts","/home/imsight/.node_modules/lib/node_modules/typescript/lib/lib.webworker.importscripts.d.ts","/home/imsight/.node_modules/lib/node_modules/typescript/lib/lib.scripthost.d.ts","/home/imsight/gits/react-openseadragon-viewer-with-fabric-overlay/src/components/modal/index.js","/home/imsight/gits/react-openseadragon-viewer-with-fabric-overlay/src/components/navigator/index.js","/home/imsight/gits/react-openseadragon-viewer-with-fabric-overlay/src/components/toolbar/index.js","/home/imsight/gits/react-openseadragon-viewer-with-fabric-overlay/src/components/viewer/index.js","/home/imsight/gits/react-openseadragon-viewer-with-fabric-overlay/src/reducer.js","/home/imsight/gits/react-openseadragon-viewer-with-fabric-overlay/src/App.js","/home/imsight/gits/react-openseadragon-viewer-with-fabric-overlay/src/hooks/useOpenSeaDragon.js"],"compilerOptions":{"target":1,"jsx":1,"allowNonTsExtensions":true,"allowJs":true,"noEmitForJsFiles":true,"maxNodeModuleJsDepth":2},"typeAcquisition":{"enable":true,"include":[],"exclude":[]},"unresolvedImports":["openseadragon-fabricjs-overlay"],"projectRootPath":"/home/imsight/gits/react-openseadragon-viewer-with-fabric-overlay/src/hooks","kind":"discover"}
[17:34:0.998] Explicitly included types: []
[17:34:1.0] Inferred typings from unresolved imports: ["openseadragon-fabricjs-overlay"]
[17:34:1.0] Result: {"cachedTypingPaths":[],"newTypingNames":["openseadragon-fabricjs-overlay"],"filesToWatch":["/home/imsight/gits/react-openseadragon-viewer-with-fabric-overlay/src/components/modal/bower_components","/home/imsight/gits/react-openseadragon-viewer-with-fabric-overlay/src/components/modal/node_modules","/home/imsight/gits/react-openseadragon-viewer-with-fabric-overlay/src/components/navigator/bower_components","/home/imsight/gits/react-openseadragon-viewer-with-fabric-overlay/src/components/navigator/node_modules","/home/imsight/gits/react-openseadragon-viewer-with-fabric-overlay/src/components/toolbar/bower_components","/home/imsight/gits/react-openseadragon-viewer-with-fabric-overlay/src/components/toolbar/node_modules","/home/imsight/gits/react-openseadragon-viewer-with-fabric-overlay/src/components/viewer/bower_components","/home/imsight/gits/react-openseadragon-viewer-with-fabric-overlay/src/components/viewer/node_modules","/home/imsight/gits/react-openseadragon-viewer-with-fabric-overlay/src/bower_components","/home/imsight/gits/react-openseadragon-viewer-with-fabric-overlay/src/node_modules","/home/imsight/gits/react-openseadragon-viewer-with-fabric-overlay/src/hooks/bower_components","/home/imsight/gits/react-openseadragon-viewer-with-fabric-overlay/src/hooks/node_modules"]}
[17:34:1.1] Finished typings discovery: {"cachedTypingPaths":[],"newTypingNames":["openseadragon-fabricjs-overlay"],"filesToWatch":["/home/imsight/gits/react-openseadragon-viewer-with-fabric-overlay/src/components/modal/bower_components","/home/imsight/gits/react-openseadragon-viewer-with-fabric-overlay/src/components/modal/node_modules","/home/imsight/gits/react-openseadragon-viewer-with-fabric-overlay/src/components/navigator/bower_components","/home/imsight/gits/react-openseadragon-viewer-with-fabric-overlay/src/components/navigator/node_modules","/home/imsight/gits/react-openseadragon-viewer-with-fabric-overlay/src/components/toolbar/bower_components","/home/imsight/gits/react-openseadragon-viewer-with-fabric-overlay/src/components/toolbar/node_modules","/home/imsight/gits/react-openseadragon-viewer-with-fabric-overlay/src/components/viewer/bower_components","/home/imsight/gits/react-openseadragon-viewer-with-fabric-overlay/src/components/viewer/node_modules","/home/imsight/gits/react-openseadragon-viewer-with-fabric-overlay/src/bower_components","/home/imsight/gits/react-openseadragon-viewer-with-fabric-overlay/src/node_modules","/home/imsight/gits/react-openseadragon-viewer-with-fabric-overlay/src/hooks/bower_components","/home/imsight/gits/react-openseadragon-viewer-with-fabric-overlay/src/hooks/node_modules"]}
[17:34:1.3] Installing typings ["openseadragon-fabricjs-overlay"]
[17:34:1.3] 'openseadragon-fabricjs-overlay':: Entry for package 'openseadragon-fabricjs-overlay' does not exist in local types registry - skipping...
[17:34:1.4] All typings are known to be missing or invalid - no need to install more typings
[17:34:1.4] Sending response:
    {"projectName":"/dev/null/inferredProject1*","typeAcquisition":{"enable":true,"include":[],"exclude":[]},"compilerOptions":{"target":1,"jsx":1,"allowNonTsExtensions":true,"allowJs":true,"noEmitForJsFiles":true,"maxNodeModuleJsDepth":2},"typings":[],"unresolvedImports":["openseadragon-fabricjs-overlay"],"kind":"action::set"}
[17:34:1.4] Response has been sent.
[17:34:3.653] Got install request {"projectName":"/dev/null/inferredProject1*","fileNames":["/home/imsight/.node_modules/lib/node_modules/typescript/lib/lib.d.ts","/home/imsight/.node_modules/lib/node_modules/typescript/lib/lib.es5.d.ts","/home/imsight/.node_modules/lib/node_modules/typescript/lib/lib.dom.d.ts","/home/imsight/.node_modules/lib/node_modules/typescript/lib/lib.webworker.importscripts.d.ts","/home/imsight/.node_modules/lib/node_modules/typescript/lib/lib.scripthost.d.ts","/home/imsight/gits/react-openseadragon-viewer-with-fabric-overlay/src/components/modal/index.js","/home/imsight/gits/react-openseadragon-viewer-with-fabric-overlay/src/components/navigator/index.js","/home/imsight/gits/react-openseadragon-viewer-with-fabric-overlay/src/components/toolbar/index.js","/home/imsight/gits/react-openseadragon-viewer-with-fabric-overlay/src/components/viewer/index.js","/home/imsight/gits/react-openseadragon-viewer-with-fabric-overlay/src/reducer.js","/home/imsight/gits/react-openseadragon-viewer-with-fabric-overlay/src/App.js","/home/imsight/gits/react-openseadragon-viewer-with-fabric-overlay/src/hooks/useOpenSeaDragon.js"],"compilerOptions":{"target":1,"jsx":1,"allowNonTsExtensions":true,"allowJs":true,"noEmitForJsFiles":true,"maxNodeModuleJsDepth":2},"typeAcquisition":{"enable":true,"include":[],"exclude":[]},"unresolvedImports":["openseadragon-fabricjs-overlay"],"projectRootPath":"/home/imsight/gits/react-openseadragon-viewer-with-fabric-overlay/src/hooks","kind":"discover"}
[17:34:3.654] Explicitly included types: []
[17:34:3.654] Inferred typings from unresolved imports: ["openseadragon-fabricjs-overlay"]
[17:34:3.654] Result: {"cachedTypingPaths":[],"newTypingNames":["openseadragon-fabricjs-overlay"],"filesToWatch":["/home/imsight/gits/react-openseadragon-viewer-with-fabric-overlay/src/components/modal/bower_components","/home/imsight/gits/react-openseadragon-viewer-with-fabric-overlay/src/components/modal/node_modules","/home/imsight/gits/react-openseadragon-viewer-with-fabric-overlay/src/components/navigator/bower_components","/home/imsight/gits/react-openseadragon-viewer-with-fabric-overlay/src/components/navigator/node_modules","/home/imsight/gits/react-openseadragon-viewer-with-fabric-overlay/src/components/toolbar/bower_components","/home/imsight/gits/react-openseadragon-viewer-with-fabric-overlay/src/components/toolbar/node_modules","/home/imsight/gits/react-openseadragon-viewer-with-fabric-overlay/src/components/viewer/bower_components","/home/imsight/gits/react-openseadragon-viewer-with-fabric-overlay/src/components/viewer/node_modules","/home/imsight/gits/react-openseadragon-viewer-with-fabric-overlay/src/bower_components","/home/imsight/gits/react-openseadragon-viewer-with-fabric-overlay/src/node_modules","/home/imsight/gits/react-openseadragon-viewer-with-fabric-overlay/src/hooks/bower_components","/home/imsight/gits/react-openseadragon-viewer-with-fabric-overlay/src/hooks/node_modules"]}
[17:34:3.654] Finished typings discovery: {"cachedTypingPaths":[],"newTypingNames":["openseadragon-fabricjs-overlay"],"filesToWatch":["/home/imsight/gits/react-openseadragon-viewer-with-fabric-overlay/src/components/modal/bower_components","/home/imsight/gits/react-openseadragon-viewer-with-fabric-overlay/src/components/modal/node_modules","/home/imsight/gits/react-openseadragon-viewer-with-fabric-overlay/src/components/navigator/bower_components","/home/imsight/gits/react-openseadragon-viewer-with-fabric-overlay/src/components/navigator/node_modules","/home/imsight/gits/react-openseadragon-viewer-with-fabric-overlay/src/components/toolbar/bower_components","/home/imsight/gits/react-openseadragon-viewer-with-fabric-overlay/src/components/toolbar/node_modules","/home/imsight/gits/react-openseadragon-viewer-with-fabric-overlay/src/components/viewer/bower_components","/home/imsight/gits/react-openseadragon-viewer-with-fabric-overlay/src/components/viewer/node_modules","/home/imsight/gits/react-openseadragon-viewer-with-fabric-overlay/src/bower_components","/home/imsight/gits/react-openseadragon-viewer-with-fabric-overlay/src/node_modules","/home/imsight/gits/react-openseadragon-viewer-with-fabric-overlay/src/hooks/bower_components","/home/imsight/gits/react-openseadragon-viewer-with-fabric-overlay/src/hooks/node_modules"]}
[17:34:3.655] Installing typings ["openseadragon-fabricjs-overlay"]
[17:34:3.655] 'openseadragon-fabricjs-overlay':: Entry for package 'openseadragon-fabricjs-overlay' does not exist in local types registry - skipping...
[17:34:3.655] All typings are known to be missing or invalid - no need to install more typings
[17:34:3.655] Sending response:
    {"projectName":"/dev/null/inferredProject1*","typeAcquisition":{"enable":true,"include":[],"exclude":[]},"compilerOptions":{"target":1,"jsx":1,"allowNonTsExtensions":true,"allowJs":true,"noEmitForJsFiles":true,"maxNodeModuleJsDepth":2},"typings":[],"unresolvedImports":["openseadragon-fabricjs-overlay"],"kind":"action::set"}
[17:34:3.655] Response has been sent.
[17:38:6.23] Got install request {"projectName":"/dev/null/inferredProject1*","fileNames":["/home/imsight/.node_modules/lib/node_modules/typescript/lib/lib.d.ts","/home/imsight/.node_modules/lib/node_modules/typescript/lib/lib.es5.d.ts","/home/imsight/.node_modules/lib/node_modules/typescript/lib/lib.dom.d.ts","/home/imsight/.node_modules/lib/node_modules/typescript/lib/lib.webworker.importscripts.d.ts","/home/imsight/.node_modules/lib/node_modules/typescript/lib/lib.scripthost.d.ts","/home/imsight/gits/react-openseadragon-viewer-with-fabric-overlay/src/components/modal/index.js","/home/imsight/gits/react-openseadragon-viewer-with-fabric-overlay/src/components/navigator/index.js","/home/imsight/gits/react-openseadragon-viewer-with-fabric-overlay/src/components/toolbar/index.js","/home/imsight/gits/react-openseadragon-viewer-with-fabric-overlay/src/components/viewer/index.js","/home/imsight/gits/react-openseadragon-viewer-with-fabric-overlay/src/reducer.js","/home/imsight/gits/react-openseadragon-viewer-with-fabric-overlay/src/App.js","/home/imsight/gits/react-openseadragon-viewer-with-fabric-overlay/src/hooks/useOpenSeaDragon.js"],"compilerOptions":{"target":1,"jsx":1,"allowNonTsExtensions":true,"allowJs":true,"noEmitForJsFiles":true,"maxNodeModuleJsDepth":2},"typeAcquisition":{"enable":true,"include":[],"exclude":[]},"unresolvedImports":["@emotion/core","openseadragon-fabricjs-overlay"],"projectRootPath":"/home/imsight/gits/react-openseadragon-viewer-with-fabric-overlay/src/hooks","kind":"discover"}
[17:38:6.23] Explicitly included types: []
[17:38:6.24] Inferred typings from unresolved imports: ["@emotion/core","openseadragon-fabricjs-overlay"]
[17:38:6.24] Result: {"cachedTypingPaths":[],"newTypingNames":["@emotion/core","openseadragon-fabricjs-overlay"],"filesToWatch":["/home/imsight/gits/react-openseadragon-viewer-with-fabric-overlay/src/components/modal/bower_components","/home/imsight/gits/react-openseadragon-viewer-with-fabric-overlay/src/components/modal/node_modules","/home/imsight/gits/react-openseadragon-viewer-with-fabric-overlay/src/components/navigator/bower_components","/home/imsight/gits/react-openseadragon-viewer-with-fabric-overlay/src/components/navigator/node_modules","/home/imsight/gits/react-openseadragon-viewer-with-fabric-overlay/src/components/toolbar/bower_components","/home/imsight/gits/react-openseadragon-viewer-with-fabric-overlay/src/components/toolbar/node_modules","/home/imsight/gits/react-openseadragon-viewer-with-fabric-overlay/src/components/viewer/bower_components","/home/imsight/gits/react-openseadragon-viewer-with-fabric-overlay/src/components/viewer/node_modules","/home/imsight/gits/react-openseadragon-viewer-with-fabric-overlay/src/bower_components","/home/imsight/gits/react-openseadragon-viewer-with-fabric-overlay/src/node_modules","/home/imsight/gits/react-openseadragon-viewer-with-fabric-overlay/src/hooks/bower_components","/home/imsight/gits/react-openseadragon-viewer-with-fabric-overlay/src/hooks/node_modules"]}
[17:38:6.24] Finished typings discovery: {"cachedTypingPaths":[],"newTypingNames":["@emotion/core","openseadragon-fabricjs-overlay"],"filesToWatch":["/home/imsight/gits/react-openseadragon-viewer-with-fabric-overlay/src/components/modal/bower_components","/home/imsight/gits/react-openseadragon-viewer-with-fabric-overlay/src/components/modal/node_modules","/home/imsight/gits/react-openseadragon-viewer-with-fabric-overlay/src/components/navigator/bower_components","/home/imsight/gits/react-openseadragon-viewer-with-fabric-overlay/src/components/navigator/node_modules","/home/imsight/gits/react-openseadragon-viewer-with-fabric-overlay/src/components/toolbar/bower_components","/home/imsight/gits/react-openseadragon-viewer-with-fabric-overlay/src/components/toolbar/node_modules","/home/imsight/gits/react-openseadragon-viewer-with-fabric-overlay/src/components/viewer/bower_components","/home/imsight/gits/react-openseadragon-viewer-with-fabric-overlay/src/components/viewer/node_modules","/home/imsight/gits/react-openseadragon-viewer-with-fabric-overlay/src/bower_components","/home/imsight/gits/react-openseadragon-viewer-with-fabric-overlay/src/node_modules","/home/imsight/gits/react-openseadragon-viewer-with-fabric-overlay/src/hooks/bower_components","/home/imsight/gits/react-openseadragon-viewer-with-fabric-overlay/src/hooks/node_modules"]}
[17:38:6.25] Installing typings ["@emotion/core","openseadragon-fabricjs-overlay"]
[17:38:6.25] '@emotion/core':: Entry for package 'emotion__core' does not exist in local types registry - skipping...
[17:38:6.25] 'openseadragon-fabricjs-overlay':: Entry for package 'openseadragon-fabricjs-overlay' does not exist in local types registry - skipping...
[17:38:6.25] All typings are known to be missing or invalid - no need to install more typings
[17:38:6.25] Sending response:
    {"projectName":"/dev/null/inferredProject1*","typeAcquisition":{"enable":true,"include":[],"exclude":[]},"compilerOptions":{"target":1,"jsx":1,"allowNonTsExtensions":true,"allowJs":true,"noEmitForJsFiles":true,"maxNodeModuleJsDepth":2},"typings":[],"unresolvedImports":["@emotion/core","openseadragon-fabricjs-overlay"],"kind":"action::set"}
[17:38:6.25] Response has been sent.
[17:38:41.101] Got install request {"projectName":"/dev/null/inferredProject1*","fileNames":["/home/imsight/.node_modules/lib/node_modules/typescript/lib/lib.d.ts","/home/imsight/.node_modules/lib/node_modules/typescript/lib/lib.es5.d.ts","/home/imsight/.node_modules/lib/node_modules/typescript/lib/lib.dom.d.ts","/home/imsight/.node_modules/lib/node_modules/typescript/lib/lib.webworker.importscripts.d.ts","/home/imsight/.node_modules/lib/node_modules/typescript/lib/lib.scripthost.d.ts","/home/imsight/gits/react-openseadragon-viewer-with-fabric-overlay/src/components/modal/index.js","/home/imsight/gits/react-openseadragon-viewer-with-fabric-overlay/src/components/navigator/index.js","/home/imsight/gits/react-openseadragon-viewer-with-fabric-overlay/src/components/toolbar/index.js","/home/imsight/gits/react-openseadragon-viewer-with-fabric-overlay/src/components/viewer/index.js","/home/imsight/gits/react-openseadragon-viewer-with-fabric-overlay/src/reducer.js","/home/imsight/gits/react-openseadragon-viewer-with-fabric-overlay/src/App.js","/home/imsight/gits/react-openseadragon-viewer-with-fabric-overlay/src/hooks/useOpenSeaDragon.js"],"compilerOptions":{"target":1,"jsx":1,"allowNonTsExtensions":true,"allowJs":true,"noEmitForJsFiles":true,"maxNodeModuleJsDepth":2},"typeAcquisition":{"enable":true,"include":[],"exclude":[]},"unresolvedImports":["openseadragon-fabricjs-overlay"],"projectRootPath":"/home/imsight/gits/react-openseadragon-viewer-with-fabric-overlay/src/hooks","kind":"discover"}
[17:38:41.101] Explicitly included types: []
[17:38:41.101] Inferred typings from unresolved imports: ["openseadragon-fabricjs-overlay"]
[17:38:41.102] Result: {"cachedTypingPaths":[],"newTypingNames":["openseadragon-fabricjs-overlay"],"filesToWatch":["/home/imsight/gits/react-openseadragon-viewer-with-fabric-overlay/src/components/modal/bower_components","/home/imsight/gits/react-openseadragon-viewer-with-fabric-overlay/src/components/modal/node_modules","/home/imsight/gits/react-openseadragon-viewer-with-fabric-overlay/src/components/navigator/bower_components","/home/imsight/gits/react-openseadragon-viewer-with-fabric-overlay/src/components/navigator/node_modules","/home/imsight/gits/react-openseadragon-viewer-with-fabric-overlay/src/components/toolbar/bower_components","/home/imsight/gits/react-openseadragon-viewer-with-fabric-overlay/src/components/toolbar/node_modules","/home/imsight/gits/react-openseadragon-viewer-with-fabric-overlay/src/components/viewer/bower_components","/home/imsight/gits/react-openseadragon-viewer-with-fabric-overlay/src/components/viewer/node_modules","/home/imsight/gits/react-openseadragon-viewer-with-fabric-overlay/src/bower_components","/home/imsight/gits/react-openseadragon-viewer-with-fabric-overlay/src/node_modules","/home/imsight/gits/react-openseadragon-viewer-with-fabric-overlay/src/hooks/bower_components","/home/imsight/gits/react-openseadragon-viewer-with-fabric-overlay/src/hooks/node_modules"]}
[17:38:41.102] Finished typings discovery: {"cachedTypingPaths":[],"newTypingNames":["openseadragon-fabricjs-overlay"],"filesToWatch":["/home/imsight/gits/react-openseadragon-viewer-with-fabric-overlay/src/components/modal/bower_components","/home/imsight/gits/react-openseadragon-viewer-with-fabric-overlay/src/components/modal/node_modules","/home/imsight/gits/react-openseadragon-viewer-with-fabric-overlay/src/components/navigator/bower_components","/home/imsight/gits/react-openseadragon-viewer-with-fabric-overlay/src/components/navigator/node_modules","/home/imsight/gits/react-openseadragon-viewer-with-fabric-overlay/src/components/toolbar/bower_components","/home/imsight/gits/react-openseadragon-viewer-with-fabric-overlay/src/components/toolbar/node_modules","/home/imsight/gits/react-openseadragon-viewer-with-fabric-overlay/src/components/viewer/bower_components","/home/imsight/gits/react-openseadragon-viewer-with-fabric-overlay/src/components/viewer/node_modules","/home/imsight/gits/react-openseadragon-viewer-with-fabric-overlay/src/bower_components","/home/imsight/gits/react-openseadragon-viewer-with-fabric-overlay/src/node_modules","/home/imsight/gits/react-openseadragon-viewer-with-fabric-overlay/src/hooks/bower_components","/home/imsight/gits/react-openseadragon-viewer-with-fabric-overlay/src/hooks/node_modules"]}
[17:38:41.102] Installing typings ["openseadragon-fabricjs-overlay"]
[17:38:41.102] 'openseadragon-fabricjs-overlay':: Entry for package 'openseadragon-fabricjs-overlay' does not exist in local types registry - skipping...
[17:38:41.102] All typings are known to be missing or invalid - no need to install more typings
[17:38:41.102] Sending response:
    {"projectName":"/dev/null/inferredProject1*","typeAcquisition":{"enable":true,"include":[],"exclude":[]},"compilerOptions":{"target":1,"jsx":1,"allowNonTsExtensions":true,"allowJs":true,"noEmitForJsFiles":true,"maxNodeModuleJsDepth":2},"typings":[],"unresolvedImports":["openseadragon-fabricjs-overlay"],"kind":"action::set"}
[17:38:41.102] Response has been sent.
[17:59:51.71] Got install request {"projectName":"/dev/null/inferredProject1*","fileNames":["/home/imsight/.node_modules/lib/node_modules/typescript/lib/lib.d.ts","/home/imsight/.node_modules/lib/node_modules/typescript/lib/lib.es5.d.ts","/home/imsight/.node_modules/lib/node_modules/typescript/lib/lib.dom.d.ts","/home/imsight/.node_modules/lib/node_modules/typescript/lib/lib.webworker.importscripts.d.ts","/home/imsight/.node_modules/lib/node_modules/typescript/lib/lib.scripthost.d.ts","/home/imsight/gits/react-openseadragon-viewer-with-fabric-overlay/src/components/modal/index.js","/home/imsight/gits/react-openseadragon-viewer-with-fabric-overlay/src/components/navigator/index.js","/home/imsight/gits/react-openseadragon-viewer-with-fabric-overlay/src/components/toolbar/index.js","/home/imsight/gits/react-openseadragon-viewer-with-fabric-overlay/src/components/viewer/index.js","/home/imsight/gits/react-openseadragon-viewer-with-fabric-overlay/src/reducer.js","/home/imsight/gits/react-openseadragon-viewer-with-fabric-overlay/src/App.js","/home/imsight/gits/react-openseadragon-viewer-with-fabric-overlay/src/hooks/useOpenSeaDragon.js"],"compilerOptions":{"target":1,"jsx":1,"allowNonTsExtensions":true,"allowJs":true,"noEmitForJsFiles":true,"maxNodeModuleJsDepth":2},"typeAcquisition":{"enable":true,"include":[],"exclude":[]},"unresolvedImports":["openseadragon-fabricjs-overlay"],"projectRootPath":"/home/imsight/gits/react-openseadragon-viewer-with-fabric-overlay/src/hooks","kind":"discover"}
[17:59:51.72] Explicitly included types: []
[17:59:51.72] Inferred typings from unresolved imports: ["openseadragon-fabricjs-overlay"]
[17:59:51.72] Result: {"cachedTypingPaths":[],"newTypingNames":["openseadragon-fabricjs-overlay"],"filesToWatch":["/home/imsight/gits/react-openseadragon-viewer-with-fabric-overlay/src/components/modal/bower_components","/home/imsight/gits/react-openseadragon-viewer-with-fabric-overlay/src/components/modal/node_modules","/home/imsight/gits/react-openseadragon-viewer-with-fabric-overlay/src/components/navigator/bower_components","/home/imsight/gits/react-openseadragon-viewer-with-fabric-overlay/src/components/navigator/node_modules","/home/imsight/gits/react-openseadragon-viewer-with-fabric-overlay/src/components/toolbar/bower_components","/home/imsight/gits/react-openseadragon-viewer-with-fabric-overlay/src/components/toolbar/node_modules","/home/imsight/gits/react-openseadragon-viewer-with-fabric-overlay/src/components/viewer/bower_components","/home/imsight/gits/react-openseadragon-viewer-with-fabric-overlay/src/components/viewer/node_modules","/home/imsight/gits/react-openseadragon-viewer-with-fabric-overlay/src/bower_components","/home/imsight/gits/react-openseadragon-viewer-with-fabric-overlay/src/node_modules","/home/imsight/gits/react-openseadragon-viewer-with-fabric-overlay/src/hooks/bower_components","/home/imsight/gits/react-openseadragon-viewer-with-fabric-overlay/src/hooks/node_modules"]}
[17:59:51.72] Finished typings discovery: {"cachedTypingPaths":[],"newTypingNames":["openseadragon-fabricjs-overlay"],"filesToWatch":["/home/imsight/gits/react-openseadragon-viewer-with-fabric-overlay/src/components/modal/bower_components","/home/imsight/gits/react-openseadragon-viewer-with-fabric-overlay/src/components/modal/node_modules","/home/imsight/gits/react-openseadragon-viewer-with-fabric-overlay/src/components/navigator/bower_components","/home/imsight/gits/react-openseadragon-viewer-with-fabric-overlay/src/components/navigator/node_modules","/home/imsight/gits/react-openseadragon-viewer-with-fabric-overlay/src/components/toolbar/bower_components","/home/imsight/gits/react-openseadragon-viewer-with-fabric-overlay/src/components/toolbar/node_modules","/home/imsight/gits/react-openseadragon-viewer-with-fabric-overlay/src/components/viewer/bower_components","/home/imsight/gits/react-openseadragon-viewer-with-fabric-overlay/src/components/viewer/node_modules","/home/imsight/gits/react-openseadragon-viewer-with-fabric-overlay/src/bower_components","/home/imsight/gits/react-openseadragon-viewer-with-fabric-overlay/src/node_modules","/home/imsight/gits/react-openseadragon-viewer-with-fabric-overlay/src/hooks/bower_components","/home/imsight/gits/react-openseadragon-viewer-with-fabric-overlay/src/hooks/node_modules"]}
[17:59:51.72] Installing typings ["openseadragon-fabricjs-overlay"]
[17:59:51.72] 'openseadragon-fabricjs-overlay':: Entry for package 'openseadragon-fabricjs-overlay' does not exist in local types registry - skipping...
[17:59:51.72] All typings are known to be missing or invalid - no need to install more typings
[17:59:51.72] Sending response:
    {"projectName":"/dev/null/inferredProject1*","typeAcquisition":{"enable":true,"include":[],"exclude":[]},"compilerOptions":{"target":1,"jsx":1,"allowNonTsExtensions":true,"allowJs":true,"noEmitForJsFiles":true,"maxNodeModuleJsDepth":2},"typings":[],"unresolvedImports":["openseadragon-fabricjs-overlay"],"kind":"action::set"}
[17:59:51.73] Response has been sent.
