[10:24:10.21] Global cache location '/home/imsight/.cache/typescript/4.0', safe file path '/home/imsight/.node_modules/lib/node_modules/typescript/lib/typingSafeList.json', types map path /home/imsight/.node_modules/lib/node_modules/typescript/lib/typesMap.json
[10:24:10.22] Processing cache location '/home/imsight/.cache/typescript/4.0'
[10:24:10.22] Trying to find '/home/imsight/.cache/typescript/4.0/package.json'...
[10:24:10.27] Loaded content of '/home/imsight/.cache/typescript/4.0/package.json': {"private":true,"dependencies":{"types-registry":"^0.1.512"},"devDependencies":{"@types/accepts":"^1.3.5","@types/ajv-keywords":"^3.4.0","@types/autoprefixer":"^9.7.2","@types/babel__code-frame":"^7.0.1","@types/backo2":"^1.0.1","@types/balanced-match":"^1.0.1","@types/browserslist":"^4.8.0","@types/bytes":"^3.1.0","@types/caniuse-lite":"^1.0.0","@types/case-sensitive-paths-webpack-plugin":"^2.1.4","@types/clean-css":"^4.2.2","@types/component-emitter":"^1.2.9","@types/compressible":"^2.0.0","@types/compression":"^1.7.0","@types/connect-history-api-fallback":"^1.3.3","@types/cross-spawn":"^6.0.2","@types/cssnano":"^4.0.0","@types/debug":"^4.1.5","@types/define-properties":"^1.1.3","@types/echarts":"^4.6.5","@types/engine.io-client":"^3.1.4","@types/enhanced-resolve":"^3.0.6","@types/escape-html":"^1.0.0","@types/express":"^4.17.8","@types/fs-extra":"^9.0.1","@types/he":"^1.1.1","@types/html-minifier":"^4.0.0","@types/html-webpack-plugin":"^3.2.3","@types/http-errors":"^1.8.0","@types/http-proxy-middleware":"^0.19.3","@types/humps":"^2.0.0","@types/inquirer":"^7.3.1","@types/ip":"^1.1.0","@types/isarray":"^2.0.0","@types/js-cookie":"^2.2.6","@types/jsdom":"^16.2.4","@types/json-parse-better-errors":"^1.0.0","@types/jwt-decode":"^2.2.1","@types/loader-utils":"^2.0.1","@types/memory-fs":"^0.3.2","@types/micromatch":"^4.0.1","@types/mime":"^2.0.3","@types/mime-types":"^2.1.0","@types/mini-css-extract-plugin":"^0.9.1","@types/mkdirp":"^1.0.1","@types/on-headers":"^1.0.0","@types/optimize-css-assets-webpack-plugin":"^5.0.1","@types/parseurl":"^1.3.1","@types/pify":"^3.0.2","@types/pnpapi":"0.0.0","@types/postcss-custom-properties":"^9.1.0","@types/postcss-flexbugs-fixes":"^4.2.0","@types/postcss-focus-within":"^4.0.0","@types/postcss-preset-env":"^6.7.0","@types/postcss-safe-parser":"^4.0.0","@types/progress":"^2.0.3","@types/react-dev-utils":"^9.0.4","@types/react-dom":"^16.9.8","@types/react-is":"^16.7.1","@types/react-redux":"^7.1.9","@types/react-router":"^5.1.8","@types/react-router-dom":"^5.1.5","@types/read":"0.0.28","@types/relateurl":"^0.2.28","@types/resolve":"^1.17.1","@types/rimraf":"^3.0.0","@types/semver":"^7.3.4","@types/serialize-javascript":"^4.0.0","@types/serve-index":"^1.7.30","@types/shell-quote":"^1.7.0","@types/socket.io-client":"^1.4.33","@types/socket.io-parser":"^2.2.1","@types/sockjs":"^0.3.32","@types/spdy":"^3.4.4","@types/tapable":"^1.0.6","@types/terser-webpack-plugin":"^4.2.0","@types/uglify-js":"^3.9.3","@types/util.promisify":"^1.0.4","@types/uuid":"^8.3.0","@types/vary":"^1.1.0","@types/webpack":"^4.41.22","@types/webpack-dev-middleware":"^3.7.2","@types/webpack-dev-server":"^3.11.0","@types/webpack-manifest-plugin":"^2.1.0","@types/webpack-sources":"^1.4.2","@types/workbox-build":"^5.0.0","@types/workbox-webpack-plugin":"^5.1.4","@types/xmldom":"^0.1.30","@types/zrender":"^4.0.0"}}
[10:24:10.27] Loaded content of '/home/imsight/.cache/typescript/4.0/package-lock.json'
[10:24:10.34] Adding entry into typings cache: 'accepts' => '/home/imsight/.cache/typescript/4.0/node_modules/@types/accepts/index.d.ts'
[10:24:10.35] Adding entry into typings cache: 'ajv-keywords' => '/home/imsight/.cache/typescript/4.0/node_modules/@types/ajv-keywords/index.d.ts'
[10:24:10.37] Adding entry into typings cache: 'autoprefixer' => '/home/imsight/.cache/typescript/4.0/node_modules/@types/autoprefixer/index.d.ts'
[10:24:10.39] Adding entry into typings cache: 'babel__code-frame' => '/home/imsight/.cache/typescript/4.0/node_modules/@types/babel__code-frame/index.d.ts'
[10:24:10.40] Adding entry into typings cache: 'backo2' => '/home/imsight/.cache/typescript/4.0/node_modules/@types/backo2/index.d.ts'
[10:24:10.42] Adding entry into typings cache: 'balanced-match' => '/home/imsight/.cache/typescript/4.0/node_modules/@types/balanced-match/index.d.ts'
[10:24:10.44] Adding entry into typings cache: 'browserslist' => '/home/imsight/.cache/typescript/4.0/node_modules/@types/browserslist/index.d.ts'
[10:24:10.46] Adding entry into typings cache: 'bytes' => '/home/imsight/.cache/typescript/4.0/node_modules/@types/bytes/index.d.ts'
[10:24:10.47] Adding entry into typings cache: 'caniuse-lite' => '/home/imsight/.cache/typescript/4.0/node_modules/@types/caniuse-lite/index.d.ts'
[10:24:10.48] Adding entry into typings cache: 'case-sensitive-paths-webpack-plugin' => '/home/imsight/.cache/typescript/4.0/node_modules/@types/case-sensitive-paths-webpack-plugin/index.d.ts'
[10:24:10.49] Adding entry into typings cache: 'clean-css' => '/home/imsight/.cache/typescript/4.0/node_modules/@types/clean-css/index.d.ts'
[10:24:10.51] Adding entry into typings cache: 'component-emitter' => '/home/imsight/.cache/typescript/4.0/node_modules/@types/component-emitter/index.d.ts'
[10:24:10.53] Adding entry into typings cache: 'compressible' => '/home/imsight/.cache/typescript/4.0/node_modules/@types/compressible/index.d.ts'
[10:24:10.56] Adding entry into typings cache: 'compression' => '/home/imsight/.cache/typescript/4.0/node_modules/@types/compression/index.d.ts'
[10:24:10.58] Adding entry into typings cache: 'connect-history-api-fallback' => '/home/imsight/.cache/typescript/4.0/node_modules/@types/connect-history-api-fallback/index.d.ts'
[10:24:10.59] Adding entry into typings cache: 'cross-spawn' => '/home/imsight/.cache/typescript/4.0/node_modules/@types/cross-spawn/index.d.ts'
[10:24:10.60] Adding entry into typings cache: 'cssnano' => '/home/imsight/.cache/typescript/4.0/node_modules/@types/cssnano/index.d.ts'
[10:24:10.62] Adding entry into typings cache: 'debug' => '/home/imsight/.cache/typescript/4.0/node_modules/@types/debug/index.d.ts'
[10:24:10.63] Adding entry into typings cache: 'define-properties' => '/home/imsight/.cache/typescript/4.0/node_modules/@types/define-properties/index.d.ts'
[10:24:10.65] Adding entry into typings cache: 'echarts' => '/home/imsight/.cache/typescript/4.0/node_modules/@types/echarts/index.d.ts'
[10:24:10.66] Adding entry into typings cache: 'engine.io-client' => '/home/imsight/.cache/typescript/4.0/node_modules/@types/engine.io-client/index.d.ts'
[10:24:10.67] Adding entry into typings cache: 'enhanced-resolve' => '/home/imsight/.cache/typescript/4.0/node_modules/@types/enhanced-resolve/index.d.ts'
[10:24:10.67] Adding entry into typings cache: 'escape-html' => '/home/imsight/.cache/typescript/4.0/node_modules/@types/escape-html/index.d.ts'
[10:24:10.69] Adding entry into typings cache: 'express' => '/home/imsight/.cache/typescript/4.0/node_modules/@types/express/index.d.ts'
[10:24:10.70] Adding entry into typings cache: 'fs-extra' => '/home/imsight/.cache/typescript/4.0/node_modules/@types/fs-extra/index.d.ts'
[10:24:10.71] Adding entry into typings cache: 'he' => '/home/imsight/.cache/typescript/4.0/node_modules/@types/he/index.d.ts'
[10:24:10.72] Adding entry into typings cache: 'html-minifier' => '/home/imsight/.cache/typescript/4.0/node_modules/@types/html-minifier/index.d.ts'
[10:24:10.73] Adding entry into typings cache: 'html-webpack-plugin' => '/home/imsight/.cache/typescript/4.0/node_modules/@types/html-webpack-plugin/index.d.ts'
[10:24:10.74] Adding entry into typings cache: 'http-errors' => '/home/imsight/.cache/typescript/4.0/node_modules/@types/http-errors/index.d.ts'
[10:24:10.75] Adding entry into typings cache: 'http-proxy-middleware' => '/home/imsight/.cache/typescript/4.0/node_modules/@types/http-proxy-middleware/index.d.ts'
[10:24:10.77] Adding entry into typings cache: 'humps' => '/home/imsight/.cache/typescript/4.0/node_modules/@types/humps/index.d.ts'
[10:24:10.79] Adding entry into typings cache: 'inquirer' => '/home/imsight/.cache/typescript/4.0/node_modules/@types/inquirer/index.d.ts'
[10:24:10.80] Adding entry into typings cache: 'ip' => '/home/imsight/.cache/typescript/4.0/node_modules/@types/ip/index.d.ts'
[10:24:10.82] Adding entry into typings cache: 'isarray' => '/home/imsight/.cache/typescript/4.0/node_modules/@types/isarray/index.d.ts'
[10:24:10.83] Adding entry into typings cache: 'js-cookie' => '/home/imsight/.cache/typescript/4.0/node_modules/@types/js-cookie/index.d.ts'
[10:24:10.85] Adding entry into typings cache: 'jsdom' => '/home/imsight/.cache/typescript/4.0/node_modules/@types/jsdom/index.d.ts'
[10:24:10.87] Adding entry into typings cache: 'json-parse-better-errors' => '/home/imsight/.cache/typescript/4.0/node_modules/@types/json-parse-better-errors/index.d.ts'
[10:24:10.89] Adding entry into typings cache: 'jwt-decode' => '/home/imsight/.cache/typescript/4.0/node_modules/@types/jwt-decode/index.d.ts'
[10:24:10.90] Adding entry into typings cache: 'loader-utils' => '/home/imsight/.cache/typescript/4.0/node_modules/@types/loader-utils/index.d.ts'
[10:24:10.91] Adding entry into typings cache: 'memory-fs' => '/home/imsight/.cache/typescript/4.0/node_modules/@types/memory-fs/index.d.ts'
[10:24:10.91] Adding entry into typings cache: 'micromatch' => '/home/imsight/.cache/typescript/4.0/node_modules/@types/micromatch/index.d.ts'
[10:24:10.92] Adding entry into typings cache: 'mime' => '/home/imsight/.cache/typescript/4.0/node_modules/@types/mime/index.d.ts'
[10:24:10.93] Adding entry into typings cache: 'mime-types' => '/home/imsight/.cache/typescript/4.0/node_modules/@types/mime-types/index.d.ts'
[10:24:10.95] Adding entry into typings cache: 'mini-css-extract-plugin' => '/home/imsight/.cache/typescript/4.0/node_modules/@types/mini-css-extract-plugin/index.d.ts'
[10:24:10.96] Adding entry into typings cache: 'mkdirp' => '/home/imsight/.cache/typescript/4.0/node_modules/@types/mkdirp/index.d.ts'
[10:24:10.97] Adding entry into typings cache: 'on-headers' => '/home/imsight/.cache/typescript/4.0/node_modules/@types/on-headers/index.d.ts'
[10:24:10.98] Adding entry into typings cache: 'optimize-css-assets-webpack-plugin' => '/home/imsight/.cache/typescript/4.0/node_modules/@types/optimize-css-assets-webpack-plugin/index.d.ts'
[10:24:10.98] Adding entry into typings cache: 'parseurl' => '/home/imsight/.cache/typescript/4.0/node_modules/@types/parseurl/index.d.ts'
[10:24:10.99] Adding entry into typings cache: 'pify' => '/home/imsight/.cache/typescript/4.0/node_modules/@types/pify/index.d.ts'
[10:24:10.100] Adding entry into typings cache: 'pnpapi' => '/home/imsight/.cache/typescript/4.0/node_modules/@types/pnpapi/index.d.ts'
[10:24:10.101] Adding entry into typings cache: 'postcss-custom-properties' => '/home/imsight/.cache/typescript/4.0/node_modules/@types/postcss-custom-properties/index.d.ts'
[10:24:10.101] Adding entry into typings cache: 'postcss-flexbugs-fixes' => '/home/imsight/.cache/typescript/4.0/node_modules/@types/postcss-flexbugs-fixes/index.d.ts'
[10:24:10.102] Adding entry into typings cache: 'postcss-focus-within' => '/home/imsight/.cache/typescript/4.0/node_modules/@types/postcss-focus-within/index.d.ts'
[10:24:10.103] Adding entry into typings cache: 'postcss-preset-env' => '/home/imsight/.cache/typescript/4.0/node_modules/@types/postcss-preset-env/index.d.ts'
[10:24:10.103] Adding entry into typings cache: 'postcss-safe-parser' => '/home/imsight/.cache/typescript/4.0/node_modules/@types/postcss-safe-parser/index.d.ts'
[10:24:10.104] Adding entry into typings cache: 'progress' => '/home/imsight/.cache/typescript/4.0/node_modules/@types/progress/index.d.ts'
[10:24:10.105] Adding entry into typings cache: 'react-dev-utils' => '/home/imsight/.cache/typescript/4.0/node_modules/@types/react-dev-utils/index.d.ts'
[10:24:10.106] Adding entry into typings cache: 'react-dom' => '/home/imsight/.cache/typescript/4.0/node_modules/@types/react-dom/index.d.ts'
[10:24:10.108] Adding entry into typings cache: 'react-is' => '/home/imsight/.cache/typescript/4.0/node_modules/@types/react-is/index.d.ts'
[10:24:10.110] Adding entry into typings cache: 'react-redux' => '/home/imsight/.cache/typescript/4.0/node_modules/@types/react-redux/index.d.ts'
[10:24:10.111] Adding entry into typings cache: 'react-router' => '/home/imsight/.cache/typescript/4.0/node_modules/@types/react-router/index.d.ts'
[10:24:10.112] Adding entry into typings cache: 'react-router-dom' => '/home/imsight/.cache/typescript/4.0/node_modules/@types/react-router-dom/index.d.ts'
[10:24:10.113] Adding entry into typings cache: 'read' => '/home/imsight/.cache/typescript/4.0/node_modules/@types/read/index.d.ts'
[10:24:10.114] Adding entry into typings cache: 'relateurl' => '/home/imsight/.cache/typescript/4.0/node_modules/@types/relateurl/index.d.ts'
[10:24:10.116] Adding entry into typings cache: 'resolve' => '/home/imsight/.cache/typescript/4.0/node_modules/@types/resolve/index.d.ts'
[10:24:10.117] Adding entry into typings cache: 'rimraf' => '/home/imsight/.cache/typescript/4.0/node_modules/@types/rimraf/index.d.ts'
[10:24:10.118] Adding entry into typings cache: 'semver' => '/home/imsight/.cache/typescript/4.0/node_modules/@types/semver/index.d.ts'
[10:24:10.118] Adding entry into typings cache: 'serialize-javascript' => '/home/imsight/.cache/typescript/4.0/node_modules/@types/serialize-javascript/index.d.ts'
[10:24:10.120] Adding entry into typings cache: 'serve-index' => '/home/imsight/.cache/typescript/4.0/node_modules/@types/serve-index/index.d.ts'
[10:24:10.120] Adding entry into typings cache: 'shell-quote' => '/home/imsight/.cache/typescript/4.0/node_modules/@types/shell-quote/index.d.ts'
[10:24:10.121] Adding entry into typings cache: 'socket.io-client' => '/home/imsight/.cache/typescript/4.0/node_modules/@types/socket.io-client/index.d.ts'
[10:24:10.122] Adding entry into typings cache: 'socket.io-parser' => '/home/imsight/.cache/typescript/4.0/node_modules/@types/socket.io-parser/index.d.ts'
[10:24:10.122] Adding entry into typings cache: 'sockjs' => '/home/imsight/.cache/typescript/4.0/node_modules/@types/sockjs/index.d.ts'
[10:24:10.123] Adding entry into typings cache: 'spdy' => '/home/imsight/.cache/typescript/4.0/node_modules/@types/spdy/index.d.ts'
[10:24:10.123] Adding entry into typings cache: 'tapable' => '/home/imsight/.cache/typescript/4.0/node_modules/@types/tapable/index.d.ts'
[10:24:10.124] Adding entry into typings cache: 'terser-webpack-plugin' => '/home/imsight/.cache/typescript/4.0/node_modules/@types/terser-webpack-plugin/index.d.ts'
[10:24:10.125] Adding entry into typings cache: 'uglify-js' => '/home/imsight/.cache/typescript/4.0/node_modules/@types/uglify-js/index.d.ts'
[10:24:10.125] Adding entry into typings cache: 'util.promisify' => '/home/imsight/.cache/typescript/4.0/node_modules/@types/util.promisify/index.d.ts'
[10:24:10.127] Adding entry into typings cache: 'uuid' => '/home/imsight/.cache/typescript/4.0/node_modules/@types/uuid/index.d.ts'
[10:24:10.128] Adding entry into typings cache: 'vary' => '/home/imsight/.cache/typescript/4.0/node_modules/@types/vary/index.d.ts'
[10:24:10.129] Adding entry into typings cache: 'webpack' => '/home/imsight/.cache/typescript/4.0/node_modules/@types/webpack/index.d.ts'
[10:24:10.130] Adding entry into typings cache: 'webpack-dev-middleware' => '/home/imsight/.cache/typescript/4.0/node_modules/@types/webpack-dev-middleware/index.d.ts'
[10:24:10.131] Adding entry into typings cache: 'webpack-dev-server' => '/home/imsight/.cache/typescript/4.0/node_modules/@types/webpack-dev-server/index.d.ts'
[10:24:10.131] Adding entry into typings cache: 'webpack-manifest-plugin' => '/home/imsight/.cache/typescript/4.0/node_modules/@types/webpack-manifest-plugin/index.d.ts'
[10:24:10.132] Adding entry into typings cache: 'webpack-sources' => '/home/imsight/.cache/typescript/4.0/node_modules/@types/webpack-sources/index.d.ts'
[10:24:10.133] Adding entry into typings cache: 'workbox-build' => '/home/imsight/.cache/typescript/4.0/node_modules/@types/workbox-build/index.d.ts'
[10:24:10.134] Adding entry into typings cache: 'workbox-webpack-plugin' => '/home/imsight/.cache/typescript/4.0/node_modules/@types/workbox-webpack-plugin/index.d.ts'
[10:24:10.135] Adding entry into typings cache: 'xmldom' => '/home/imsight/.cache/typescript/4.0/node_modules/@types/xmldom/index.d.ts'
[10:24:10.136] Adding entry into typings cache: 'zrender' => '/home/imsight/.cache/typescript/4.0/node_modules/@types/zrender/index.d.ts'
[10:24:10.136] Finished processing cache location '/home/imsight/.cache/typescript/4.0'
[10:24:10.136] Process id: 2789090
[10:24:10.136] NPM location: /usr/bin/npm (explicit '--npmLocation' not  provided)
[10:24:10.136] validateDefaultNpmLocation: false
[10:24:10.136] Npm config file: /home/imsight/.cache/typescript/4.0/package.json
[10:24:10.137] Updating types-registry npm package...
[10:24:10.137] Exec: /usr/bin/npm install --ignore-scripts types-registry@latest
[10:24:11.428]     Succeeded. stdout:
    + types-registry@0.1.512
    updated 1 package in 0.815s

3 packages are looking for funding
  run `npm fund` for details


[10:24:11.428] Updated types-registry npm package
[10:24:11.959] Got install request {"projectName":"/dev/null/inferredProject1*","fileNames":["/home/imsight/.node_modules/lib/node_modules/typescript/lib/lib.d.ts","/home/imsight/.node_modules/lib/node_modules/typescript/lib/lib.es5.d.ts","/home/imsight/.node_modules/lib/node_modules/typescript/lib/lib.dom.d.ts","/home/imsight/.node_modules/lib/node_modules/typescript/lib/lib.webworker.importscripts.d.ts","/home/imsight/.node_modules/lib/node_modules/typescript/lib/lib.scripthost.d.ts","/home/imsight/gits/react-openseadragon-viewer-with-fabric-overlay/src/App.js"],"compilerOptions":{"target":1,"jsx":1,"allowNonTsExtensions":true,"allowJs":true,"noEmitForJsFiles":true,"maxNodeModuleJsDepth":2},"typeAcquisition":{"enable":true,"include":[],"exclude":[]},"unresolvedImports":[],"projectRootPath":"/home/imsight/gits/react-openseadragon-viewer-with-fabric-overlay/src","kind":"discover"}
[10:24:11.968] Loaded safelist from types map file '/home/imsight/.node_modules/lib/node_modules/typescript/lib/typesMap.json'
[10:24:11.968] Explicitly included types: []
[10:24:11.969] Inferred typings from unresolved imports: []
[10:24:11.969] Result: {"cachedTypingPaths":[],"newTypingNames":[],"filesToWatch":["/home/imsight/gits/react-openseadragon-viewer-with-fabric-overlay/src/bower_components","/home/imsight/gits/react-openseadragon-viewer-with-fabric-overlay/src/node_modules"]}
[10:24:11.969] Finished typings discovery: {"cachedTypingPaths":[],"newTypingNames":[],"filesToWatch":["/home/imsight/gits/react-openseadragon-viewer-with-fabric-overlay/src/bower_components","/home/imsight/gits/react-openseadragon-viewer-with-fabric-overlay/src/node_modules"]}
[10:24:11.969] DirectoryWatcher:: Added:: WatchInfo: /home/imsight/gits/react-openseadragon-viewer-with-fabric-overlay/src/bower_components
[10:24:11.970] DirectoryWatcher:: Added:: WatchInfo: /home/imsight/gits/react-openseadragon-viewer-with-fabric-overlay/src/node_modules
[10:24:11.970] Sending response:
    {"projectName":"/dev/null/inferredProject1*","typeAcquisition":{"enable":true,"include":[],"exclude":[]},"compilerOptions":{"target":1,"jsx":1,"allowNonTsExtensions":true,"allowJs":true,"noEmitForJsFiles":true,"maxNodeModuleJsDepth":2},"typings":[],"unresolvedImports":[],"kind":"action::set"}
[10:24:11.971] Response has been sent.
[10:24:11.971] No new typings were requested as a result of typings discovery
[10:24:17.491] Got install request {"projectName":"/dev/null/inferredProject2*","fileNames":["/home/imsight/.node_modules/lib/node_modules/typescript/lib/lib.d.ts","/home/imsight/.node_modules/lib/node_modules/typescript/lib/lib.es5.d.ts","/home/imsight/.node_modules/lib/node_modules/typescript/lib/lib.dom.d.ts","/home/imsight/.node_modules/lib/node_modules/typescript/lib/lib.webworker.importscripts.d.ts","/home/imsight/.node_modules/lib/node_modules/typescript/lib/lib.scripthost.d.ts","/home/imsight/gits/react-openseadragon-viewer-with-fabric-overlay/src/App.js","/home/imsight/gits/react-openseadragon-viewer-with-fabric-overlay/src/serviceWorker.js","/home/imsight/gits/react-openseadragon-viewer-with-fabric-overlay/src/index.js"],"compilerOptions":{"target":1,"jsx":1,"allowNonTsExtensions":true,"allowJs":true,"noEmitForJsFiles":true,"maxNodeModuleJsDepth":2},"typeAcquisition":{"enable":true,"include":[],"exclude":[]},"unresolvedImports":[],"projectRootPath":"/home/imsight/gits/react-openseadragon-viewer-with-fabric-overlay/src","kind":"discover"}
[10:24:17.491] Explicitly included types: []
[10:24:17.492] Inferred typings from unresolved imports: []
[10:24:17.492] Result: {"cachedTypingPaths":[],"newTypingNames":[],"filesToWatch":["/home/imsight/gits/react-openseadragon-viewer-with-fabric-overlay/src/bower_components","/home/imsight/gits/react-openseadragon-viewer-with-fabric-overlay/src/node_modules"]}
[10:24:17.492] Finished typings discovery: {"cachedTypingPaths":[],"newTypingNames":[],"filesToWatch":["/home/imsight/gits/react-openseadragon-viewer-with-fabric-overlay/src/bower_components","/home/imsight/gits/react-openseadragon-viewer-with-fabric-overlay/src/node_modules"]}
[10:24:17.492] DirectoryWatcher:: Added:: WatchInfo: /home/imsight/gits/react-openseadragon-viewer-with-fabric-overlay/src/bower_components
[10:24:17.492] DirectoryWatcher:: Added:: WatchInfo: /home/imsight/gits/react-openseadragon-viewer-with-fabric-overlay/src/node_modules
[10:24:17.492] Sending response:
    {"projectName":"/dev/null/inferredProject2*","typeAcquisition":{"enable":true,"include":[],"exclude":[]},"compilerOptions":{"target":1,"jsx":1,"allowNonTsExtensions":true,"allowJs":true,"noEmitForJsFiles":true,"maxNodeModuleJsDepth":2},"typings":[],"unresolvedImports":[],"kind":"action::set"}
[10:24:17.492] Response has been sent.
[10:24:17.492] No new typings were requested as a result of typings discovery
[11:4:49.986] Got install request {"projectName":"/dev/null/inferredProject3*","fileNames":["/home/imsight/.node_modules/lib/node_modules/typescript/lib/lib.d.ts","/home/imsight/.node_modules/lib/node_modules/typescript/lib/lib.es5.d.ts","/home/imsight/.node_modules/lib/node_modules/typescript/lib/lib.dom.d.ts","/home/imsight/.node_modules/lib/node_modules/typescript/lib/lib.webworker.importscripts.d.ts","/home/imsight/.node_modules/lib/node_modules/typescript/lib/lib.scripthost.d.ts","/home/imsight/gits/react-openseadragon-viewer-with-fabric-overlay/src/hooks/useViewer.js"],"compilerOptions":{"target":1,"jsx":1,"allowNonTsExtensions":true,"allowJs":true,"noEmitForJsFiles":true,"maxNodeModuleJsDepth":2},"typeAcquisition":{"enable":true,"include":[],"exclude":[]},"unresolvedImports":[],"projectRootPath":"/home/imsight/gits/react-openseadragon-viewer-with-fabric-overlay/src/hooks","kind":"discover"}
[11:4:49.987] Explicitly included types: []
[11:4:49.988] Inferred typings from unresolved imports: []
[11:4:49.989] Result: {"cachedTypingPaths":[],"newTypingNames":[],"filesToWatch":["/home/imsight/gits/react-openseadragon-viewer-with-fabric-overlay/src/hooks/bower_components","/home/imsight/gits/react-openseadragon-viewer-with-fabric-overlay/src/hooks/node_modules"]}
[11:4:49.989] Finished typings discovery: {"cachedTypingPaths":[],"newTypingNames":[],"filesToWatch":["/home/imsight/gits/react-openseadragon-viewer-with-fabric-overlay/src/hooks/bower_components","/home/imsight/gits/react-openseadragon-viewer-with-fabric-overlay/src/hooks/node_modules"]}
[11:4:49.989] DirectoryWatcher:: Added:: WatchInfo: /home/imsight/gits/react-openseadragon-viewer-with-fabric-overlay/src/hooks/bower_components
[11:4:49.990] DirectoryWatcher:: Added:: WatchInfo: /home/imsight/gits/react-openseadragon-viewer-with-fabric-overlay/src/hooks/node_modules
[11:4:49.991] Sending response:
    {"projectName":"/dev/null/inferredProject3*","typeAcquisition":{"enable":true,"include":[],"exclude":[]},"compilerOptions":{"target":1,"jsx":1,"allowNonTsExtensions":true,"allowJs":true,"noEmitForJsFiles":true,"maxNodeModuleJsDepth":2},"typings":[],"unresolvedImports":[],"kind":"action::set"}
[11:4:49.991] Response has been sent.
[11:4:49.991] No new typings were requested as a result of typings discovery
[11:14:2.522] Got install request {"projectName":"/dev/null/inferredProject4*","fileNames":["/home/imsight/.node_modules/lib/node_modules/typescript/lib/lib.d.ts","/home/imsight/.node_modules/lib/node_modules/typescript/lib/lib.es5.d.ts","/home/imsight/.node_modules/lib/node_modules/typescript/lib/lib.dom.d.ts","/home/imsight/.node_modules/lib/node_modules/typescript/lib/lib.webworker.importscripts.d.ts","/home/imsight/.node_modules/lib/node_modules/typescript/lib/lib.scripthost.d.ts","/home/imsight/gits/react-openseadragon-viewer-with-fabric-overlay/src/components/viewer/index.js"],"compilerOptions":{"target":1,"jsx":1,"allowNonTsExtensions":true,"allowJs":true,"noEmitForJsFiles":true,"maxNodeModuleJsDepth":2},"typeAcquisition":{"enable":true,"include":[],"exclude":[]},"unresolvedImports":[],"projectRootPath":"/home/imsight/gits/react-openseadragon-viewer-with-fabric-overlay/src/components/viewer","kind":"discover"}
[11:14:2.522] Explicitly included types: []
[11:14:2.522] Inferred typings from unresolved imports: []
[11:14:2.523] Result: {"cachedTypingPaths":[],"newTypingNames":[],"filesToWatch":["/home/imsight/gits/react-openseadragon-viewer-with-fabric-overlay/src/components/viewer/bower_components","/home/imsight/gits/react-openseadragon-viewer-with-fabric-overlay/src/components/viewer/node_modules"]}
[11:14:2.523] Finished typings discovery: {"cachedTypingPaths":[],"newTypingNames":[],"filesToWatch":["/home/imsight/gits/react-openseadragon-viewer-with-fabric-overlay/src/components/viewer/bower_components","/home/imsight/gits/react-openseadragon-viewer-with-fabric-overlay/src/components/viewer/node_modules"]}
[11:14:2.523] DirectoryWatcher:: Added:: WatchInfo: /home/imsight/gits/react-openseadragon-viewer-with-fabric-overlay/src/components/viewer/bower_components
[11:14:2.523] DirectoryWatcher:: Added:: WatchInfo: /home/imsight/gits/react-openseadragon-viewer-with-fabric-overlay/src/components/viewer/node_modules
[11:14:2.523] Sending response:
    {"projectName":"/dev/null/inferredProject4*","typeAcquisition":{"enable":true,"include":[],"exclude":[]},"compilerOptions":{"target":1,"jsx":1,"allowNonTsExtensions":true,"allowJs":true,"noEmitForJsFiles":true,"maxNodeModuleJsDepth":2},"typings":[],"unresolvedImports":[],"kind":"action::set"}
[11:14:2.523] Response has been sent.
[11:14:2.523] No new typings were requested as a result of typings discovery
[11:14:16.106] Got install request {"projectName":"/dev/null/inferredProject4*","fileNames":["/home/imsight/.node_modules/lib/node_modules/typescript/lib/lib.d.ts","/home/imsight/.node_modules/lib/node_modules/typescript/lib/lib.es5.d.ts","/home/imsight/.node_modules/lib/node_modules/typescript/lib/lib.dom.d.ts","/home/imsight/.node_modules/lib/node_modules/typescript/lib/lib.webworker.importscripts.d.ts","/home/imsight/.node_modules/lib/node_modules/typescript/lib/lib.scripthost.d.ts","/home/imsight/gits/react-openseadragon-viewer-with-fabric-overlay/src/components/viewer/index.js"],"compilerOptions":{"target":1,"jsx":1,"allowNonTsExtensions":true,"allowJs":true,"noEmitForJsFiles":true,"maxNodeModuleJsDepth":2},"typeAcquisition":{"enable":true,"include":[],"exclude":[]},"unresolvedImports":["r"],"projectRootPath":"/home/imsight/gits/react-openseadragon-viewer-with-fabric-overlay/src/components/viewer","kind":"discover"}
[11:14:16.107] Explicitly included types: []
[11:14:16.107] Inferred typings from unresolved imports: ["r"]
[11:14:16.108] Result: {"cachedTypingPaths":[],"newTypingNames":["r"],"filesToWatch":["/home/imsight/gits/react-openseadragon-viewer-with-fabric-overlay/src/components/viewer/bower_components","/home/imsight/gits/react-openseadragon-viewer-with-fabric-overlay/src/components/viewer/node_modules"]}
[11:14:16.108] Finished typings discovery: {"cachedTypingPaths":[],"newTypingNames":["r"],"filesToWatch":["/home/imsight/gits/react-openseadragon-viewer-with-fabric-overlay/src/components/viewer/bower_components","/home/imsight/gits/react-openseadragon-viewer-with-fabric-overlay/src/components/viewer/node_modules"]}
[11:14:16.109] Installing typings ["r"]
[11:14:16.109] 'r':: Entry for package 'r' does not exist in local types registry - skipping...
[11:14:16.110] All typings are known to be missing or invalid - no need to install more typings
[11:14:16.110] Sending response:
    {"projectName":"/dev/null/inferredProject4*","typeAcquisition":{"enable":true,"include":[],"exclude":[]},"compilerOptions":{"target":1,"jsx":1,"allowNonTsExtensions":true,"allowJs":true,"noEmitForJsFiles":true,"maxNodeModuleJsDepth":2},"typings":[],"unresolvedImports":["r"],"kind":"action::set"}
[11:14:16.110] Response has been sent.
[11:14:16.504] Got install request {"projectName":"/dev/null/inferredProject4*","fileNames":["/home/imsight/.node_modules/lib/node_modules/typescript/lib/lib.d.ts","/home/imsight/.node_modules/lib/node_modules/typescript/lib/lib.es5.d.ts","/home/imsight/.node_modules/lib/node_modules/typescript/lib/lib.dom.d.ts","/home/imsight/.node_modules/lib/node_modules/typescript/lib/lib.webworker.importscripts.d.ts","/home/imsight/.node_modules/lib/node_modules/typescript/lib/lib.scripthost.d.ts","/home/imsight/gits/react-openseadragon-viewer-with-fabric-overlay/src/components/viewer/index.js"],"compilerOptions":{"target":1,"jsx":1,"allowNonTsExtensions":true,"allowJs":true,"noEmitForJsFiles":true,"maxNodeModuleJsDepth":2},"typeAcquisition":{"enable":true,"include":[],"exclude":[]},"unresolvedImports":["reac"],"projectRootPath":"/home/imsight/gits/react-openseadragon-viewer-with-fabric-overlay/src/components/viewer","kind":"discover"}
[11:14:16.504] Explicitly included types: []
[11:14:16.505] Inferred typings from unresolved imports: ["reac"]
[11:14:16.505] Result: {"cachedTypingPaths":[],"newTypingNames":["reac"],"filesToWatch":["/home/imsight/gits/react-openseadragon-viewer-with-fabric-overlay/src/components/viewer/bower_components","/home/imsight/gits/react-openseadragon-viewer-with-fabric-overlay/src/components/viewer/node_modules"]}
[11:14:16.505] Finished typings discovery: {"cachedTypingPaths":[],"newTypingNames":["reac"],"filesToWatch":["/home/imsight/gits/react-openseadragon-viewer-with-fabric-overlay/src/components/viewer/bower_components","/home/imsight/gits/react-openseadragon-viewer-with-fabric-overlay/src/components/viewer/node_modules"]}
[11:14:16.505] Installing typings ["reac"]
[11:14:16.505] 'reac':: Entry for package 'reac' does not exist in local types registry - skipping...
[11:14:16.505] All typings are known to be missing or invalid - no need to install more typings
[11:14:16.505] Sending response:
    {"projectName":"/dev/null/inferredProject4*","typeAcquisition":{"enable":true,"include":[],"exclude":[]},"compilerOptions":{"target":1,"jsx":1,"allowNonTsExtensions":true,"allowJs":true,"noEmitForJsFiles":true,"maxNodeModuleJsDepth":2},"typings":[],"unresolvedImports":["reac"],"kind":"action::set"}
[11:14:16.505] Response has been sent.
[11:14:16.841] Got install request {"projectName":"/dev/null/inferredProject4*","fileNames":["/home/imsight/.node_modules/lib/node_modules/typescript/lib/lib.d.ts","/home/imsight/.node_modules/lib/node_modules/typescript/lib/lib.es5.d.ts","/home/imsight/.node_modules/lib/node_modules/typescript/lib/lib.dom.d.ts","/home/imsight/.node_modules/lib/node_modules/typescript/lib/lib.webworker.importscripts.d.ts","/home/imsight/.node_modules/lib/node_modules/typescript/lib/lib.scripthost.d.ts","/home/imsight/gits/react-openseadragon-viewer-with-fabric-overlay/src/components/viewer/index.js"],"compilerOptions":{"target":1,"jsx":1,"allowNonTsExtensions":true,"allowJs":true,"noEmitForJsFiles":true,"maxNodeModuleJsDepth":2},"typeAcquisition":{"enable":true,"include":[],"exclude":[]},"unresolvedImports":[],"projectRootPath":"/home/imsight/gits/react-openseadragon-viewer-with-fabric-overlay/src/components/viewer","kind":"discover"}
[11:14:16.842] Explicitly included types: []
[11:14:16.842] Inferred typings from unresolved imports: []
[11:14:16.842] Result: {"cachedTypingPaths":[],"newTypingNames":[],"filesToWatch":["/home/imsight/gits/react-openseadragon-viewer-with-fabric-overlay/src/components/viewer/bower_components","/home/imsight/gits/react-openseadragon-viewer-with-fabric-overlay/src/components/viewer/node_modules"]}
[11:14:16.842] Finished typings discovery: {"cachedTypingPaths":[],"newTypingNames":[],"filesToWatch":["/home/imsight/gits/react-openseadragon-viewer-with-fabric-overlay/src/components/viewer/bower_components","/home/imsight/gits/react-openseadragon-viewer-with-fabric-overlay/src/components/viewer/node_modules"]}
[11:14:16.842] Sending response:
    {"projectName":"/dev/null/inferredProject4*","typeAcquisition":{"enable":true,"include":[],"exclude":[]},"compilerOptions":{"target":1,"jsx":1,"allowNonTsExtensions":true,"allowJs":true,"noEmitForJsFiles":true,"maxNodeModuleJsDepth":2},"typings":[],"unresolvedImports":[],"kind":"action::set"}
[11:14:16.843] Response has been sent.
[11:14:16.843] No new typings were requested as a result of typings discovery
[11:15:51.522] Got install request {"projectName":"/dev/null/inferredProject2*","fileNames":["/home/imsight/.node_modules/lib/node_modules/typescript/lib/lib.d.ts","/home/imsight/.node_modules/lib/node_modules/typescript/lib/lib.es5.d.ts","/home/imsight/.node_modules/lib/node_modules/typescript/lib/lib.dom.d.ts","/home/imsight/.node_modules/lib/node_modules/typescript/lib/lib.webworker.importscripts.d.ts","/home/imsight/.node_modules/lib/node_modules/typescript/lib/lib.scripthost.d.ts","/home/imsight/gits/react-openseadragon-viewer-with-fabric-overlay/src/components/viewer/index.js","/home/imsight/gits/react-openseadragon-viewer-with-fabric-overlay/src/App.js","/home/imsight/gits/react-openseadragon-viewer-with-fabric-overlay/src/serviceWorker.js","/home/imsight/gits/react-openseadragon-viewer-with-fabric-overlay/src/index.js"],"compilerOptions":{"target":1,"jsx":1,"allowNonTsExtensions":true,"allowJs":true,"noEmitForJsFiles":true,"maxNodeModuleJsDepth":2},"typeAcquisition":{"enable":true,"include":[],"exclude":[]},"unresolvedImports":[],"projectRootPath":"/home/imsight/gits/react-openseadragon-viewer-with-fabric-overlay/src","kind":"discover"}
[11:15:51.522] Explicitly included types: []
[11:15:51.523] Inferred typings from unresolved imports: []
[11:15:51.523] Result: {"cachedTypingPaths":[],"newTypingNames":[],"filesToWatch":["/home/imsight/gits/react-openseadragon-viewer-with-fabric-overlay/src/components/viewer/bower_components","/home/imsight/gits/react-openseadragon-viewer-with-fabric-overlay/src/components/viewer/node_modules","/home/imsight/gits/react-openseadragon-viewer-with-fabric-overlay/src/bower_components","/home/imsight/gits/react-openseadragon-viewer-with-fabric-overlay/src/node_modules"]}
[11:15:51.523] Finished typings discovery: {"cachedTypingPaths":[],"newTypingNames":[],"filesToWatch":["/home/imsight/gits/react-openseadragon-viewer-with-fabric-overlay/src/components/viewer/bower_components","/home/imsight/gits/react-openseadragon-viewer-with-fabric-overlay/src/components/viewer/node_modules","/home/imsight/gits/react-openseadragon-viewer-with-fabric-overlay/src/bower_components","/home/imsight/gits/react-openseadragon-viewer-with-fabric-overlay/src/node_modules"]}
[11:15:51.523] DirectoryWatcher:: Added:: WatchInfo: /home/imsight/gits/react-openseadragon-viewer-with-fabric-overlay/src/components
[11:15:51.523] Sending response:
    {"projectName":"/dev/null/inferredProject2*","typeAcquisition":{"enable":true,"include":[],"exclude":[]},"compilerOptions":{"target":1,"jsx":1,"allowNonTsExtensions":true,"allowJs":true,"noEmitForJsFiles":true,"maxNodeModuleJsDepth":2},"typings":[],"unresolvedImports":[],"kind":"action::set"}
[11:15:51.524] Response has been sent.
[11:15:51.524] No new typings were requested as a result of typings discovery
[11:15:54.136] Got install request {"projectName":"/dev/null/inferredProject4*","fileNames":[],"compilerOptions":{"target":1,"jsx":1,"allowNonTsExtensions":true,"allowJs":true,"noEmitForJsFiles":true},"typeAcquisition":{"enable":true,"include":[],"exclude":[]},"unresolvedImports":[],"projectRootPath":"/home/imsight/gits/react-openseadragon-viewer-with-fabric-overlay/src/components/viewer","kind":"discover"}
[11:15:54.136] Explicitly included types: []
[11:15:54.137] Inferred typings from unresolved imports: []
[11:15:54.137] Result: {"cachedTypingPaths":[],"newTypingNames":[],"filesToWatch":["/home/imsight/gits/react-openseadragon-viewer-with-fabric-overlay/src/components/viewer/bower_components","/home/imsight/gits/react-openseadragon-viewer-with-fabric-overlay/src/components/viewer/node_modules"]}
[11:15:54.137] Finished typings discovery: {"cachedTypingPaths":[],"newTypingNames":[],"filesToWatch":["/home/imsight/gits/react-openseadragon-viewer-with-fabric-overlay/src/components/viewer/bower_components","/home/imsight/gits/react-openseadragon-viewer-with-fabric-overlay/src/components/viewer/node_modules"]}
[11:15:54.137] Sending response:
    {"projectName":"/dev/null/inferredProject4*","typeAcquisition":{"enable":true,"include":[],"exclude":[]},"compilerOptions":{"target":1,"jsx":1,"allowNonTsExtensions":true,"allowJs":true,"noEmitForJsFiles":true},"typings":[],"unresolvedImports":[],"kind":"action::set"}
[11:15:54.137] Response has been sent.
[11:15:54.137] No new typings were requested as a result of typings discovery
[11:16:56.592] Got install request {"projectName":"/dev/null/inferredProject2*","fileNames":["/home/imsight/.node_modules/lib/node_modules/typescript/lib/lib.d.ts","/home/imsight/.node_modules/lib/node_modules/typescript/lib/lib.es5.d.ts","/home/imsight/.node_modules/lib/node_modules/typescript/lib/lib.dom.d.ts","/home/imsight/.node_modules/lib/node_modules/typescript/lib/lib.webworker.importscripts.d.ts","/home/imsight/.node_modules/lib/node_modules/typescript/lib/lib.scripthost.d.ts","/home/imsight/gits/react-openseadragon-viewer-with-fabric-overlay/src/components/viewer/index.js","/home/imsight/gits/react-openseadragon-viewer-with-fabric-overlay/src/App.js","/home/imsight/gits/react-openseadragon-viewer-with-fabric-overlay/src/serviceWorker.js","/home/imsight/gits/react-openseadragon-viewer-with-fabric-overlay/src/index.js"],"compilerOptions":{"target":1,"jsx":1,"allowNonTsExtensions":true,"allowJs":true,"noEmitForJsFiles":true,"maxNodeModuleJsDepth":2},"typeAcquisition":{"enable":true,"include":[],"exclude":[]},"unresolvedImports":[],"projectRootPath":"/home/imsight/gits/react-openseadragon-viewer-with-fabric-overlay/src","kind":"discover"}
[11:16:56.592] Explicitly included types: []
[11:16:56.592] Inferred typings from unresolved imports: []
[11:16:56.592] Result: {"cachedTypingPaths":[],"newTypingNames":[],"filesToWatch":["/home/imsight/gits/react-openseadragon-viewer-with-fabric-overlay/src/components/viewer/bower_components","/home/imsight/gits/react-openseadragon-viewer-with-fabric-overlay/src/components/viewer/node_modules","/home/imsight/gits/react-openseadragon-viewer-with-fabric-overlay/src/bower_components","/home/imsight/gits/react-openseadragon-viewer-with-fabric-overlay/src/node_modules"]}
[11:16:56.592] Finished typings discovery: {"cachedTypingPaths":[],"newTypingNames":[],"filesToWatch":["/home/imsight/gits/react-openseadragon-viewer-with-fabric-overlay/src/components/viewer/bower_components","/home/imsight/gits/react-openseadragon-viewer-with-fabric-overlay/src/components/viewer/node_modules","/home/imsight/gits/react-openseadragon-viewer-with-fabric-overlay/src/bower_components","/home/imsight/gits/react-openseadragon-viewer-with-fabric-overlay/src/node_modules"]}
[11:16:56.592] Sending response:
    {"projectName":"/dev/null/inferredProject2*","typeAcquisition":{"enable":true,"include":[],"exclude":[]},"compilerOptions":{"target":1,"jsx":1,"allowNonTsExtensions":true,"allowJs":true,"noEmitForJsFiles":true,"maxNodeModuleJsDepth":2},"typings":[],"unresolvedImports":[],"kind":"action::set"}
[11:16:56.592] Response has been sent.
[11:16:56.592] No new typings were requested as a result of typings discovery
[11:16:56.594] Got install request {"projectName":"/dev/null/inferredProject3*","fileNames":["/home/imsight/.node_modules/lib/node_modules/typescript/lib/lib.d.ts","/home/imsight/.node_modules/lib/node_modules/typescript/lib/lib.es5.d.ts","/home/imsight/.node_modules/lib/node_modules/typescript/lib/lib.dom.d.ts","/home/imsight/.node_modules/lib/node_modules/typescript/lib/lib.webworker.importscripts.d.ts","/home/imsight/.node_modules/lib/node_modules/typescript/lib/lib.scripthost.d.ts","/home/imsight/gits/react-openseadragon-viewer-with-fabric-overlay/src/hooks/useViewer.js"],"compilerOptions":{"target":1,"jsx":1,"allowNonTsExtensions":true,"allowJs":true,"noEmitForJsFiles":true,"maxNodeModuleJsDepth":2},"typeAcquisition":{"enable":true,"include":[],"exclude":[]},"unresolvedImports":[],"projectRootPath":"/home/imsight/gits/react-openseadragon-viewer-with-fabric-overlay/src/hooks","kind":"discover"}
[11:16:56.594] Explicitly included types: []
[11:16:56.595] Inferred typings from unresolved imports: []
[11:16:56.595] Result: {"cachedTypingPaths":[],"newTypingNames":[],"filesToWatch":["/home/imsight/gits/react-openseadragon-viewer-with-fabric-overlay/src/hooks/bower_components","/home/imsight/gits/react-openseadragon-viewer-with-fabric-overlay/src/hooks/node_modules"]}
[11:16:56.595] Finished typings discovery: {"cachedTypingPaths":[],"newTypingNames":[],"filesToWatch":["/home/imsight/gits/react-openseadragon-viewer-with-fabric-overlay/src/hooks/bower_components","/home/imsight/gits/react-openseadragon-viewer-with-fabric-overlay/src/hooks/node_modules"]}
[11:16:56.595] Sending response:
    {"projectName":"/dev/null/inferredProject3*","typeAcquisition":{"enable":true,"include":[],"exclude":[]},"compilerOptions":{"target":1,"jsx":1,"allowNonTsExtensions":true,"allowJs":true,"noEmitForJsFiles":true,"maxNodeModuleJsDepth":2},"typings":[],"unresolvedImports":[],"kind":"action::set"}
[11:16:56.595] Response has been sent.
[11:16:56.595] No new typings were requested as a result of typings discovery
[11:17:49.582] Got install request {"projectName":"/dev/null/inferredProject2*","fileNames":["/home/imsight/.node_modules/lib/node_modules/typescript/lib/lib.d.ts","/home/imsight/.node_modules/lib/node_modules/typescript/lib/lib.es5.d.ts","/home/imsight/.node_modules/lib/node_modules/typescript/lib/lib.dom.d.ts","/home/imsight/.node_modules/lib/node_modules/typescript/lib/lib.webworker.importscripts.d.ts","/home/imsight/.node_modules/lib/node_modules/typescript/lib/lib.scripthost.d.ts","/home/imsight/gits/react-openseadragon-viewer-with-fabric-overlay/src/components/viewer/index.js","/home/imsight/gits/react-openseadragon-viewer-with-fabric-overlay/src/App.js","/home/imsight/gits/react-openseadragon-viewer-with-fabric-overlay/src/serviceWorker.js","/home/imsight/gits/react-openseadragon-viewer-with-fabric-overlay/src/index.js"],"compilerOptions":{"target":1,"jsx":1,"allowNonTsExtensions":true,"allowJs":true,"noEmitForJsFiles":true,"maxNodeModuleJsDepth":2},"typeAcquisition":{"enable":true,"include":[],"exclude":[]},"unresolvedImports":[],"projectRootPath":"/home/imsight/gits/react-openseadragon-viewer-with-fabric-overlay/src","kind":"discover"}
[11:17:49.582] Explicitly included types: []
[11:17:49.582] Inferred typings from unresolved imports: []
[11:17:49.582] Result: {"cachedTypingPaths":[],"newTypingNames":[],"filesToWatch":["/home/imsight/gits/react-openseadragon-viewer-with-fabric-overlay/src/components/viewer/bower_components","/home/imsight/gits/react-openseadragon-viewer-with-fabric-overlay/src/components/viewer/node_modules","/home/imsight/gits/react-openseadragon-viewer-with-fabric-overlay/src/bower_components","/home/imsight/gits/react-openseadragon-viewer-with-fabric-overlay/src/node_modules"]}
[11:17:49.582] Finished typings discovery: {"cachedTypingPaths":[],"newTypingNames":[],"filesToWatch":["/home/imsight/gits/react-openseadragon-viewer-with-fabric-overlay/src/components/viewer/bower_components","/home/imsight/gits/react-openseadragon-viewer-with-fabric-overlay/src/components/viewer/node_modules","/home/imsight/gits/react-openseadragon-viewer-with-fabric-overlay/src/bower_components","/home/imsight/gits/react-openseadragon-viewer-with-fabric-overlay/src/node_modules"]}
[11:17:49.583] Sending response:
    {"projectName":"/dev/null/inferredProject2*","typeAcquisition":{"enable":true,"include":[],"exclude":[]},"compilerOptions":{"target":1,"jsx":1,"allowNonTsExtensions":true,"allowJs":true,"noEmitForJsFiles":true,"maxNodeModuleJsDepth":2},"typings":[],"unresolvedImports":[],"kind":"action::set"}
[11:17:49.583] Response has been sent.
[11:17:49.583] No new typings were requested as a result of typings discovery
[11:17:49.629] Got install request {"projectName":"/dev/null/inferredProject3*","fileNames":["/home/imsight/.node_modules/lib/node_modules/typescript/lib/lib.d.ts","/home/imsight/.node_modules/lib/node_modules/typescript/lib/lib.es5.d.ts","/home/imsight/.node_modules/lib/node_modules/typescript/lib/lib.dom.d.ts","/home/imsight/.node_modules/lib/node_modules/typescript/lib/lib.webworker.importscripts.d.ts","/home/imsight/.node_modules/lib/node_modules/typescript/lib/lib.scripthost.d.ts","/home/imsight/gits/react-openseadragon-viewer-with-fabric-overlay/src/hooks/useViewer.js"],"compilerOptions":{"target":1,"jsx":1,"allowNonTsExtensions":true,"allowJs":true,"noEmitForJsFiles":true,"maxNodeModuleJsDepth":2},"typeAcquisition":{"enable":true,"include":[],"exclude":[]},"unresolvedImports":[],"projectRootPath":"/home/imsight/gits/react-openseadragon-viewer-with-fabric-overlay/src/hooks","kind":"discover"}
[11:17:49.629] Explicitly included types: []
[11:17:49.630] Inferred typings from unresolved imports: []
[11:17:49.630] Result: {"cachedTypingPaths":[],"newTypingNames":[],"filesToWatch":["/home/imsight/gits/react-openseadragon-viewer-with-fabric-overlay/src/hooks/bower_components","/home/imsight/gits/react-openseadragon-viewer-with-fabric-overlay/src/hooks/node_modules"]}
[11:17:49.630] Finished typings discovery: {"cachedTypingPaths":[],"newTypingNames":[],"filesToWatch":["/home/imsight/gits/react-openseadragon-viewer-with-fabric-overlay/src/hooks/bower_components","/home/imsight/gits/react-openseadragon-viewer-with-fabric-overlay/src/hooks/node_modules"]}
[11:17:49.630] Sending response:
    {"projectName":"/dev/null/inferredProject3*","typeAcquisition":{"enable":true,"include":[],"exclude":[]},"compilerOptions":{"target":1,"jsx":1,"allowNonTsExtensions":true,"allowJs":true,"noEmitForJsFiles":true,"maxNodeModuleJsDepth":2},"typings":[],"unresolvedImports":[],"kind":"action::set"}
[11:17:49.630] Response has been sent.
[11:17:49.630] No new typings were requested as a result of typings discovery
[11:26:20.57] Got install request {"projectName":"/dev/null/inferredProject3*","fileNames":["/home/imsight/.node_modules/lib/node_modules/typescript/lib/lib.d.ts","/home/imsight/.node_modules/lib/node_modules/typescript/lib/lib.es5.d.ts","/home/imsight/.node_modules/lib/node_modules/typescript/lib/lib.dom.d.ts","/home/imsight/.node_modules/lib/node_modules/typescript/lib/lib.webworker.importscripts.d.ts","/home/imsight/.node_modules/lib/node_modules/typescript/lib/lib.scripthost.d.ts","/home/imsight/gits/react-openseadragon-viewer-with-fabric-overlay/src/hooks/useViewer.js"],"compilerOptions":{"target":1,"jsx":1,"allowNonTsExtensions":true,"allowJs":true,"noEmitForJsFiles":true,"maxNodeModuleJsDepth":2},"typeAcquisition":{"enable":true,"include":[],"exclude":[]},"unresolvedImports":["opense"],"projectRootPath":"/home/imsight/gits/react-openseadragon-viewer-with-fabric-overlay/src/hooks","kind":"discover"}
[11:26:20.57] Explicitly included types: []
[11:26:20.57] Inferred typings from unresolved imports: ["opense"]
[11:26:20.57] Result: {"cachedTypingPaths":[],"newTypingNames":["opense"],"filesToWatch":["/home/imsight/gits/react-openseadragon-viewer-with-fabric-overlay/src/hooks/bower_components","/home/imsight/gits/react-openseadragon-viewer-with-fabric-overlay/src/hooks/node_modules"]}
[11:26:20.57] Finished typings discovery: {"cachedTypingPaths":[],"newTypingNames":["opense"],"filesToWatch":["/home/imsight/gits/react-openseadragon-viewer-with-fabric-overlay/src/hooks/bower_components","/home/imsight/gits/react-openseadragon-viewer-with-fabric-overlay/src/hooks/node_modules"]}
[11:26:20.57] Installing typings ["opense"]
[11:26:20.57] 'opense':: Entry for package 'opense' does not exist in local types registry - skipping...
[11:26:20.57] All typings are known to be missing or invalid - no need to install more typings
[11:26:20.57] Sending response:
    {"projectName":"/dev/null/inferredProject3*","typeAcquisition":{"enable":true,"include":[],"exclude":[]},"compilerOptions":{"target":1,"jsx":1,"allowNonTsExtensions":true,"allowJs":true,"noEmitForJsFiles":true,"maxNodeModuleJsDepth":2},"typings":[],"unresolvedImports":["opense"],"kind":"action::set"}
[11:26:20.57] Response has been sent.
[11:26:20.88] Got install request {"projectName":"/dev/null/inferredProject3*","fileNames":["/home/imsight/.node_modules/lib/node_modules/typescript/lib/lib.d.ts","/home/imsight/.node_modules/lib/node_modules/typescript/lib/lib.es5.d.ts","/home/imsight/.node_modules/lib/node_modules/typescript/lib/lib.dom.d.ts","/home/imsight/.node_modules/lib/node_modules/typescript/lib/lib.webworker.importscripts.d.ts","/home/imsight/.node_modules/lib/node_modules/typescript/lib/lib.scripthost.d.ts","/home/imsight/gits/react-openseadragon-viewer-with-fabric-overlay/src/hooks/useViewer.js"],"compilerOptions":{"target":1,"jsx":1,"allowNonTsExtensions":true,"allowJs":true,"noEmitForJsFiles":true,"maxNodeModuleJsDepth":2},"typeAcquisition":{"enable":true,"include":[],"exclude":[]},"unresolvedImports":["opensea"],"projectRootPath":"/home/imsight/gits/react-openseadragon-viewer-with-fabric-overlay/src/hooks","kind":"discover"}
[11:26:20.88] Explicitly included types: []
[11:26:20.88] Inferred typings from unresolved imports: ["opensea"]
[11:26:20.89] Result: {"cachedTypingPaths":[],"newTypingNames":["opensea"],"filesToWatch":["/home/imsight/gits/react-openseadragon-viewer-with-fabric-overlay/src/hooks/bower_components","/home/imsight/gits/react-openseadragon-viewer-with-fabric-overlay/src/hooks/node_modules"]}
[11:26:20.89] Finished typings discovery: {"cachedTypingPaths":[],"newTypingNames":["opensea"],"filesToWatch":["/home/imsight/gits/react-openseadragon-viewer-with-fabric-overlay/src/hooks/bower_components","/home/imsight/gits/react-openseadragon-viewer-with-fabric-overlay/src/hooks/node_modules"]}
[11:26:20.89] Installing typings ["opensea"]
[11:26:20.89] 'opensea':: Entry for package 'opensea' does not exist in local types registry - skipping...
[11:26:20.89] All typings are known to be missing or invalid - no need to install more typings
[11:26:20.89] Sending response:
    {"projectName":"/dev/null/inferredProject3*","typeAcquisition":{"enable":true,"include":[],"exclude":[]},"compilerOptions":{"target":1,"jsx":1,"allowNonTsExtensions":true,"allowJs":true,"noEmitForJsFiles":true,"maxNodeModuleJsDepth":2},"typings":[],"unresolvedImports":["opensea"],"kind":"action::set"}
[11:26:20.89] Response has been sent.
[11:26:22.94] Got install request {"projectName":"/dev/null/inferredProject3*","fileNames":["/home/imsight/.node_modules/lib/node_modules/typescript/lib/lib.d.ts","/home/imsight/.node_modules/lib/node_modules/typescript/lib/lib.es5.d.ts","/home/imsight/.node_modules/lib/node_modules/typescript/lib/lib.dom.d.ts","/home/imsight/.node_modules/lib/node_modules/typescript/lib/lib.webworker.importscripts.d.ts","/home/imsight/.node_modules/lib/node_modules/typescript/lib/lib.scripthost.d.ts","/home/imsight/gits/react-openseadragon-viewer-with-fabric-overlay/src/hooks/useViewer.js"],"compilerOptions":{"target":1,"jsx":1,"allowNonTsExtensions":true,"allowJs":true,"noEmitForJsFiles":true,"maxNodeModuleJsDepth":2},"typeAcquisition":{"enable":true,"include":[],"exclude":[]},"unresolvedImports":["openseadragon-fabricjs-overlay"],"projectRootPath":"/home/imsight/gits/react-openseadragon-viewer-with-fabric-overlay/src/hooks","kind":"discover"}
[11:26:22.94] Explicitly included types: []
[11:26:22.95] Inferred typings from unresolved imports: ["openseadragon-fabricjs-overlay"]
[11:26:22.95] Result: {"cachedTypingPaths":[],"newTypingNames":["openseadragon-fabricjs-overlay"],"filesToWatch":["/home/imsight/gits/react-openseadragon-viewer-with-fabric-overlay/src/hooks/bower_components","/home/imsight/gits/react-openseadragon-viewer-with-fabric-overlay/src/hooks/node_modules"]}
[11:26:22.95] Finished typings discovery: {"cachedTypingPaths":[],"newTypingNames":["openseadragon-fabricjs-overlay"],"filesToWatch":["/home/imsight/gits/react-openseadragon-viewer-with-fabric-overlay/src/hooks/bower_components","/home/imsight/gits/react-openseadragon-viewer-with-fabric-overlay/src/hooks/node_modules"]}
[11:26:22.95] Installing typings ["openseadragon-fabricjs-overlay"]
[11:26:22.95] 'openseadragon-fabricjs-overlay':: Entry for package 'openseadragon-fabricjs-overlay' does not exist in local types registry - skipping...
[11:26:22.95] All typings are known to be missing or invalid - no need to install more typings
[11:26:22.95] Sending response:
    {"projectName":"/dev/null/inferredProject3*","typeAcquisition":{"enable":true,"include":[],"exclude":[]},"compilerOptions":{"target":1,"jsx":1,"allowNonTsExtensions":true,"allowJs":true,"noEmitForJsFiles":true,"maxNodeModuleJsDepth":2},"typings":[],"unresolvedImports":["openseadragon-fabricjs-overlay"],"kind":"action::set"}
[11:26:22.95] Response has been sent.
[11:38:33.353] DirectoryWatcher:: Triggered with /home/imsight/gits/react-openseadragon-viewer-with-fabric-overlay/src/components/viewer/#index.js# :: WatchInfo: /home/imsight/gits/react-openseadragon-viewer-with-fabric-overlay/src/components recursive :: handler is already invoked 'false'
[11:38:36.116] Got install request {"projectName":"/dev/null/inferredProject2*","fileNames":["/home/imsight/.node_modules/lib/node_modules/typescript/lib/lib.d.ts","/home/imsight/.node_modules/lib/node_modules/typescript/lib/lib.es5.d.ts","/home/imsight/.node_modules/lib/node_modules/typescript/lib/lib.dom.d.ts","/home/imsight/.node_modules/lib/node_modules/typescript/lib/lib.webworker.importscripts.d.ts","/home/imsight/.node_modules/lib/node_modules/typescript/lib/lib.scripthost.d.ts","/home/imsight/gits/react-openseadragon-viewer-with-fabric-overlay/src/hooks/useViewer.js","/home/imsight/gits/react-openseadragon-viewer-with-fabric-overlay/src/components/viewer/index.js","/home/imsight/gits/react-openseadragon-viewer-with-fabric-overlay/src/App.js","/home/imsight/gits/react-openseadragon-viewer-with-fabric-overlay/src/serviceWorker.js","/home/imsight/gits/react-openseadragon-viewer-with-fabric-overlay/src/index.js"],"compilerOptions":{"target":1,"jsx":1,"allowNonTsExtensions":true,"allowJs":true,"noEmitForJsFiles":true,"maxNodeModuleJsDepth":2},"typeAcquisition":{"enable":true,"include":[],"exclude":[]},"unresolvedImports":["openseadragon-fabricjs-overlay"],"projectRootPath":"/home/imsight/gits/react-openseadragon-viewer-with-fabric-overlay/src","kind":"discover"}
[11:38:36.116] Explicitly included types: []
[11:38:36.117] Inferred typings from unresolved imports: ["openseadragon-fabricjs-overlay"]
[11:38:36.117] Result: {"cachedTypingPaths":[],"newTypingNames":["openseadragon-fabricjs-overlay"],"filesToWatch":["/home/imsight/gits/react-openseadragon-viewer-with-fabric-overlay/src/hooks/bower_components","/home/imsight/gits/react-openseadragon-viewer-with-fabric-overlay/src/hooks/node_modules","/home/imsight/gits/react-openseadragon-viewer-with-fabric-overlay/src/components/viewer/bower_components","/home/imsight/gits/react-openseadragon-viewer-with-fabric-overlay/src/components/viewer/node_modules","/home/imsight/gits/react-openseadragon-viewer-with-fabric-overlay/src/bower_components","/home/imsight/gits/react-openseadragon-viewer-with-fabric-overlay/src/node_modules"]}
[11:38:36.117] Finished typings discovery: {"cachedTypingPaths":[],"newTypingNames":["openseadragon-fabricjs-overlay"],"filesToWatch":["/home/imsight/gits/react-openseadragon-viewer-with-fabric-overlay/src/hooks/bower_components","/home/imsight/gits/react-openseadragon-viewer-with-fabric-overlay/src/hooks/node_modules","/home/imsight/gits/react-openseadragon-viewer-with-fabric-overlay/src/components/viewer/bower_components","/home/imsight/gits/react-openseadragon-viewer-with-fabric-overlay/src/components/viewer/node_modules","/home/imsight/gits/react-openseadragon-viewer-with-fabric-overlay/src/bower_components","/home/imsight/gits/react-openseadragon-viewer-with-fabric-overlay/src/node_modules"]}
[11:38:36.117] DirectoryWatcher:: Added:: WatchInfo: /home/imsight/gits/react-openseadragon-viewer-with-fabric-overlay/src/hooks
[11:38:36.117] Installing typings ["openseadragon-fabricjs-overlay"]
[11:38:36.117] 'openseadragon-fabricjs-overlay':: Entry for package 'openseadragon-fabricjs-overlay' does not exist in local types registry - skipping...
[11:38:36.117] All typings are known to be missing or invalid - no need to install more typings
[11:38:36.117] Sending response:
    {"projectName":"/dev/null/inferredProject2*","typeAcquisition":{"enable":true,"include":[],"exclude":[]},"compilerOptions":{"target":1,"jsx":1,"allowNonTsExtensions":true,"allowJs":true,"noEmitForJsFiles":true,"maxNodeModuleJsDepth":2},"typings":[],"unresolvedImports":["openseadragon-fabricjs-overlay"],"kind":"action::set"}
[11:38:36.117] Response has been sent.
[11:38:38.735] Got install request {"projectName":"/dev/null/inferredProject3*","fileNames":[],"compilerOptions":{"target":1,"jsx":1,"allowNonTsExtensions":true,"allowJs":true,"noEmitForJsFiles":true},"typeAcquisition":{"enable":true,"include":[],"exclude":[]},"unresolvedImports":[],"projectRootPath":"/home/imsight/gits/react-openseadragon-viewer-with-fabric-overlay/src/hooks","kind":"discover"}
[11:38:38.735] Explicitly included types: []
[11:38:38.735] Inferred typings from unresolved imports: []
[11:38:38.735] Result: {"cachedTypingPaths":[],"newTypingNames":[],"filesToWatch":["/home/imsight/gits/react-openseadragon-viewer-with-fabric-overlay/src/hooks/bower_components","/home/imsight/gits/react-openseadragon-viewer-with-fabric-overlay/src/hooks/node_modules"]}
[11:38:38.736] Finished typings discovery: {"cachedTypingPaths":[],"newTypingNames":[],"filesToWatch":["/home/imsight/gits/react-openseadragon-viewer-with-fabric-overlay/src/hooks/bower_components","/home/imsight/gits/react-openseadragon-viewer-with-fabric-overlay/src/hooks/node_modules"]}
[11:38:38.736] Sending response:
    {"projectName":"/dev/null/inferredProject3*","typeAcquisition":{"enable":true,"include":[],"exclude":[]},"compilerOptions":{"target":1,"jsx":1,"allowNonTsExtensions":true,"allowJs":true,"noEmitForJsFiles":true},"typings":[],"unresolvedImports":[],"kind":"action::set"}
[11:38:38.736] Response has been sent.
[11:38:38.736] No new typings were requested as a result of typings discovery
[11:39:11.157] DirectoryWatcher:: Triggered with /home/imsight/gits/react-openseadragon-viewer-with-fabric-overlay/src/hooks/useViewer.js :: WatchInfo: /home/imsight/gits/react-openseadragon-viewer-with-fabric-overlay/src/hooks recursive :: handler is already invoked 'false'
[11:39:11.157] DirectoryWatcher:: Triggered with /home/imsight/gits/react-openseadragon-viewer-with-fabric-overlay/src/hooks/useOpenSeaDragon.js :: WatchInfo: /home/imsight/gits/react-openseadragon-viewer-with-fabric-overlay/src/hooks recursive :: handler is already invoked 'false'
[11:39:12.56] Got install request {"projectName":"/dev/null/inferredProject2*","fileNames":["/home/imsight/.node_modules/lib/node_modules/typescript/lib/lib.d.ts","/home/imsight/.node_modules/lib/node_modules/typescript/lib/lib.es5.d.ts","/home/imsight/.node_modules/lib/node_modules/typescript/lib/lib.dom.d.ts","/home/imsight/.node_modules/lib/node_modules/typescript/lib/lib.webworker.importscripts.d.ts","/home/imsight/.node_modules/lib/node_modules/typescript/lib/lib.scripthost.d.ts","/home/imsight/gits/react-openseadragon-viewer-with-fabric-overlay/src/components/viewer/index.js","/home/imsight/gits/react-openseadragon-viewer-with-fabric-overlay/src/App.js","/home/imsight/gits/react-openseadragon-viewer-with-fabric-overlay/src/serviceWorker.js","/home/imsight/gits/react-openseadragon-viewer-with-fabric-overlay/src/index.js"],"compilerOptions":{"target":1,"jsx":1,"allowNonTsExtensions":true,"allowJs":true,"noEmitForJsFiles":true,"maxNodeModuleJsDepth":2},"typeAcquisition":{"enable":true,"include":[],"exclude":[]},"unresolvedImports":[],"projectRootPath":"/home/imsight/gits/react-openseadragon-viewer-with-fabric-overlay/src","kind":"discover"}
[11:39:12.56] Explicitly included types: []
[11:39:12.57] Inferred typings from unresolved imports: []
[11:39:12.58] Result: {"cachedTypingPaths":[],"newTypingNames":[],"filesToWatch":["/home/imsight/gits/react-openseadragon-viewer-with-fabric-overlay/src/components/viewer/bower_components","/home/imsight/gits/react-openseadragon-viewer-with-fabric-overlay/src/components/viewer/node_modules","/home/imsight/gits/react-openseadragon-viewer-with-fabric-overlay/src/bower_components","/home/imsight/gits/react-openseadragon-viewer-with-fabric-overlay/src/node_modules"]}
[11:39:12.58] Finished typings discovery: {"cachedTypingPaths":[],"newTypingNames":[],"filesToWatch":["/home/imsight/gits/react-openseadragon-viewer-with-fabric-overlay/src/components/viewer/bower_components","/home/imsight/gits/react-openseadragon-viewer-with-fabric-overlay/src/components/viewer/node_modules","/home/imsight/gits/react-openseadragon-viewer-with-fabric-overlay/src/bower_components","/home/imsight/gits/react-openseadragon-viewer-with-fabric-overlay/src/node_modules"]}
[11:39:12.58] DirectoryWatcher:: Closed:: WatchInfo: /home/imsight/gits/react-openseadragon-viewer-with-fabric-overlay/src/hooks
[11:39:12.59] Sending response:
    {"projectName":"/dev/null/inferredProject2*","typeAcquisition":{"enable":true,"include":[],"exclude":[]},"compilerOptions":{"target":1,"jsx":1,"allowNonTsExtensions":true,"allowJs":true,"noEmitForJsFiles":true,"maxNodeModuleJsDepth":2},"typings":[],"unresolvedImports":[],"kind":"action::set"}
[11:39:12.59] Response has been sent.
[11:39:12.60] No new typings were requested as a result of typings discovery
[11:39:19.807] Got install request {"projectName":"/dev/null/inferredProject2*","fileNames":["/home/imsight/.node_modules/lib/node_modules/typescript/lib/lib.d.ts","/home/imsight/.node_modules/lib/node_modules/typescript/lib/lib.es5.d.ts","/home/imsight/.node_modules/lib/node_modules/typescript/lib/lib.dom.d.ts","/home/imsight/.node_modules/lib/node_modules/typescript/lib/lib.webworker.importscripts.d.ts","/home/imsight/.node_modules/lib/node_modules/typescript/lib/lib.scripthost.d.ts","/home/imsight/gits/react-openseadragon-viewer-with-fabric-overlay/src/hooks/useOpenSeaDragon.js","/home/imsight/gits/react-openseadragon-viewer-with-fabric-overlay/src/components/viewer/index.js","/home/imsight/gits/react-openseadragon-viewer-with-fabric-overlay/src/App.js","/home/imsight/gits/react-openseadragon-viewer-with-fabric-overlay/src/serviceWorker.js","/home/imsight/gits/react-openseadragon-viewer-with-fabric-overlay/src/index.js"],"compilerOptions":{"target":1,"jsx":1,"allowNonTsExtensions":true,"allowJs":true,"noEmitForJsFiles":true,"maxNodeModuleJsDepth":2},"typeAcquisition":{"enable":true,"include":[],"exclude":[]},"unresolvedImports":["openseadragon-fabricjs-overlay"],"projectRootPath":"/home/imsight/gits/react-openseadragon-viewer-with-fabric-overlay/src","kind":"discover"}
[11:39:19.807] Explicitly included types: []
[11:39:19.807] Inferred typings from unresolved imports: ["openseadragon-fabricjs-overlay"]
[11:39:19.807] Result: {"cachedTypingPaths":[],"newTypingNames":["openseadragon-fabricjs-overlay"],"filesToWatch":["/home/imsight/gits/react-openseadragon-viewer-with-fabric-overlay/src/hooks/bower_components","/home/imsight/gits/react-openseadragon-viewer-with-fabric-overlay/src/hooks/node_modules","/home/imsight/gits/react-openseadragon-viewer-with-fabric-overlay/src/components/viewer/bower_components","/home/imsight/gits/react-openseadragon-viewer-with-fabric-overlay/src/components/viewer/node_modules","/home/imsight/gits/react-openseadragon-viewer-with-fabric-overlay/src/bower_components","/home/imsight/gits/react-openseadragon-viewer-with-fabric-overlay/src/node_modules"]}
[11:39:19.807] Finished typings discovery: {"cachedTypingPaths":[],"newTypingNames":["openseadragon-fabricjs-overlay"],"filesToWatch":["/home/imsight/gits/react-openseadragon-viewer-with-fabric-overlay/src/hooks/bower_components","/home/imsight/gits/react-openseadragon-viewer-with-fabric-overlay/src/hooks/node_modules","/home/imsight/gits/react-openseadragon-viewer-with-fabric-overlay/src/components/viewer/bower_components","/home/imsight/gits/react-openseadragon-viewer-with-fabric-overlay/src/components/viewer/node_modules","/home/imsight/gits/react-openseadragon-viewer-with-fabric-overlay/src/bower_components","/home/imsight/gits/react-openseadragon-viewer-with-fabric-overlay/src/node_modules"]}
[11:39:19.807] DirectoryWatcher:: Added:: WatchInfo: /home/imsight/gits/react-openseadragon-viewer-with-fabric-overlay/src/hooks
[11:39:19.807] Installing typings ["openseadragon-fabricjs-overlay"]
[11:39:19.808] 'openseadragon-fabricjs-overlay':: Entry for package 'openseadragon-fabricjs-overlay' does not exist in local types registry - skipping...
[11:39:19.808] All typings are known to be missing or invalid - no need to install more typings
[11:39:19.808] Sending response:
    {"projectName":"/dev/null/inferredProject2*","typeAcquisition":{"enable":true,"include":[],"exclude":[]},"compilerOptions":{"target":1,"jsx":1,"allowNonTsExtensions":true,"allowJs":true,"noEmitForJsFiles":true,"maxNodeModuleJsDepth":2},"typings":[],"unresolvedImports":["openseadragon-fabricjs-overlay"],"kind":"action::set"}
[11:39:19.808] Response has been sent.
[11:42:8.846] DirectoryWatcher:: Triggered with /home/imsight/gits/react-openseadragon-viewer-with-fabric-overlay/src/components/viewer/#index.js# :: WatchInfo: /home/imsight/gits/react-openseadragon-viewer-with-fabric-overlay/src/components recursive :: handler is already invoked 'false'
[11:49:16.561] DirectoryWatcher:: Triggered with /home/imsight/gits/react-openseadragon-viewer-with-fabric-overlay/src/hooks/#useOpenSeaDragon.js# :: WatchInfo: /home/imsight/gits/react-openseadragon-viewer-with-fabric-overlay/src/hooks recursive :: handler is already invoked 'false'
[11:50:13.247] DirectoryWatcher:: Triggered with /home/imsight/gits/react-openseadragon-viewer-with-fabric-overlay/src/hooks/#useOpenSeaDragon.js# :: WatchInfo: /home/imsight/gits/react-openseadragon-viewer-with-fabric-overlay/src/hooks recursive :: handler is already invoked 'false'
[11:53:35.149] DirectoryWatcher:: Triggered with /home/imsight/gits/react-openseadragon-viewer-with-fabric-overlay/src/components/viewer/#index.js# :: WatchInfo: /home/imsight/gits/react-openseadragon-viewer-with-fabric-overlay/src/components recursive :: handler is already invoked 'false'
[11:58:48.313] DirectoryWatcher:: Triggered with /home/imsight/gits/react-openseadragon-viewer-with-fabric-overlay/src/components/viewer/#index.js# :: WatchInfo: /home/imsight/gits/react-openseadragon-viewer-with-fabric-overlay/src/components recursive :: handler is already invoked 'false'
[11:58:53.642] DirectoryWatcher:: Triggered with /home/imsight/gits/react-openseadragon-viewer-with-fabric-overlay/src/components/viewer/#index.js# :: WatchInfo: /home/imsight/gits/react-openseadragon-viewer-with-fabric-overlay/src/components recursive :: handler is already invoked 'false'
[11:58:55.870] DirectoryWatcher:: Triggered with /home/imsight/gits/react-openseadragon-viewer-with-fabric-overlay/src/components/viewer/#index.js# :: WatchInfo: /home/imsight/gits/react-openseadragon-viewer-with-fabric-overlay/src/components recursive :: handler is already invoked 'false'
[13:45:30.685] DirectoryWatcher:: Triggered with /home/imsight/gits/react-openseadragon-viewer-with-fabric-overlay/src/hooks/#useOpenSeaDragon.js# :: WatchInfo: /home/imsight/gits/react-openseadragon-viewer-with-fabric-overlay/src/hooks recursive :: handler is already invoked 'false'
[13:45:55.22] DirectoryWatcher:: Triggered with /home/imsight/gits/react-openseadragon-viewer-with-fabric-overlay/src/hooks/#useOpenSeaDragon.js# :: WatchInfo: /home/imsight/gits/react-openseadragon-viewer-with-fabric-overlay/src/hooks recursive :: handler is already invoked 'false'
[13:46:35.187] DirectoryWatcher:: Triggered with /home/imsight/gits/react-openseadragon-viewer-with-fabric-overlay/src/components/viewer/#index.js# :: WatchInfo: /home/imsight/gits/react-openseadragon-viewer-with-fabric-overlay/src/components recursive :: handler is already invoked 'false'
[13:46:35.187] DirectoryWatcher:: Triggered with /home/imsight/gits/react-openseadragon-viewer-with-fabric-overlay/src/hooks/#useOpenSeaDragon.js# :: WatchInfo: /home/imsight/gits/react-openseadragon-viewer-with-fabric-overlay/src/hooks recursive :: handler is already invoked 'false'
[13:46:36.782] DirectoryWatcher:: Triggered with /home/imsight/gits/react-openseadragon-viewer-with-fabric-overlay/src/hooks/#useOpenSeaDragon.js# :: WatchInfo: /home/imsight/gits/react-openseadragon-viewer-with-fabric-overlay/src/hooks recursive :: handler is already invoked 'false'
[13:48:27.982] DirectoryWatcher:: Triggered with /home/imsight/gits/react-openseadragon-viewer-with-fabric-overlay/src/components/viewer/#index.js# :: WatchInfo: /home/imsight/gits/react-openseadragon-viewer-with-fabric-overlay/src/components recursive :: handler is already invoked 'false'
[14:0:33.606] DirectoryWatcher:: Triggered with /home/imsight/gits/react-openseadragon-viewer-with-fabric-overlay/src/hooks/#useOpenSeaDragon.js# :: WatchInfo: /home/imsight/gits/react-openseadragon-viewer-with-fabric-overlay/src/hooks recursive :: handler is already invoked 'false'
[14:0:41.436] DirectoryWatcher:: Triggered with /home/imsight/gits/react-openseadragon-viewer-with-fabric-overlay/src/hooks/#useOpenSeaDragon.js# :: WatchInfo: /home/imsight/gits/react-openseadragon-viewer-with-fabric-overlay/src/hooks recursive :: handler is already invoked 'false'
